<html>
<head>
<title>TestNG:  search test - FF</title>
<link href="../testng.css" rel="stylesheet" type="text/css" />
<link href="../my-testng.css" rel="stylesheet" type="text/css" />

<style type="text/css">
.log { display: none;} 
.stack-trace { display: none;} 
</style>
<script type="text/javascript">
<!--
function flip(e) {
  current = e.style.display;
  if (current == 'block') {
    e.style.display = 'none';
    return 0;
  }
  else {
    e.style.display = 'block';
    return 1;
  }
}

function toggleBox(szDivId, elem, msg1, msg2)
{
  var res = -1;  if (document.getElementById) {
    res = flip(document.getElementById(szDivId));
  }
  else if (document.all) {
    // this is the way old msie versions work
    res = flip(document.all[szDivId]);
  }
  if(elem) {
    if(res == 0) elem.innerHTML = msg1; else elem.innerHTML = msg2;
  }

}

function toggleAllBoxes() {
  if (document.getElementsByTagName) {
    d = document.getElementsByTagName('div');
    for (i = 0; i < d.length; i++) {
      if (d[i].className == 'log') {
        flip(d[i]);
      }
    }
  }
}

// -->
</script>

</head>
<body>
<h2 align='center'>search test - FF</h2><table border='1' align="center">
<tr>
<td>Tests passed/Failed/Skipped:</td><td>0/0/1</td>
</tr><tr>
<td>Started on:</td><td>Wed Feb 22 08:46:40 CST 2017</td>
</tr>
<tr><td>Total time:</td><td>46 seconds (46638 ms)</td>
</tr><tr>
<td>Included groups:</td><td>firefox </td>
</tr><tr>
<td>Excluded groups:</td><td></td>
</tr>
</table><p/>
<small><i>(Hover the method name to see the test class name)</i></small><p/>
<table width='100%' border='1' class='invocation-failed'>
<tr><td colspan='4' align='center'><b>FAILED CONFIGURATIONS</b></td></tr>
<tr><td><b>Test method</b></td>
<td width="30%"><b>Exception</b></td>
<td width="10%"><b>Time (seconds)</b></td>
<td><b>Instance</b></td>
</tr>
<tr>
<td title='xbox.testcase.leaders.XboxLeaderCheck.setUpBrowser()'><b>setUpBrowser</b><br>Test class: xbox.testcase.leaders.XboxLeaderCheck<br>Parameters: firefox, false, localhost, 4458</td>
<td><div><pre>org.openqa.selenium.WebDriverException: Failed to connect to binary FirefoxBinary(C:\Program Files\Mozilla Firefox\firefox.exe) on port 7055; process output follows: 
:null,&quot;defaultLocale&quot;:{&quot;name&quot;:&quot;Default&quot;,&quot;description&quot;:&quot;The default theme.&quot;,&quot;creator&quot;:&quot;Mozilla&quot;,&quot;homepageURL&quot;:null,&quot;contributors&quot;:[&quot;Mozilla Contributors&quot;]},&quot;visible&quot;:true,&quot;active&quot;:true,&quot;userDisabled&quot;:false,&quot;appDisabled&quot;:false,&quot;descriptor&quot;:&quot;C:\\Program Files\\Mozilla Firefox\\browser\\extensions\\{972ce4c6-7e08-4474-a285-3208198ce6fd}.xpi&quot;,&quot;installDate&quot;:1487620084415,&quot;updateDate&quot;:1487620084415,&quot;applyBackgroundUpdates&quot;:1,&quot;skinnable&quot;:true,&quot;size&quot;:19708,&quot;sourceURI&quot;:null,&quot;releaseNotesURI&quot;:null,&quot;softDisabled&quot;:false,&quot;foreignInstall&quot;:false,&quot;hasBinaryComponents&quot;:false,&quot;strictCompatibility&quot;:true,&quot;locales&quot;:[],&quot;targetApplications&quot;:[{&quot;id&quot;:&quot;{ec8030f7-c20a-464f-9b0e-13a3a9e97384}&quot;,&quot;minVersion&quot;:&quot;51.0.1&quot;,&quot;maxVersion&quot;:&quot;51.0.1&quot;}],&quot;targetPlatforms&quot;:[],&quot;seen&quot;:true,&quot;dependencies&quot;:[],&quot;hasEmbeddedWebExtension&quot;:false}
1487774801785	addons.xpi	DEBUG	getModTime: Recursive scan of {972ce4c6-7e08-4474-a285-3208198ce6fd}
1487774801786	DeferredSave.extensions.json	DEBUG	Save changes
1487774801786	addons.xpi	DEBUG	Updating database with changes to installed add-ons
1487774801786	addons.xpi-utils	DEBUG	Updating add-on states
1487774801787	addons.xpi-utils	DEBUG	Writing add-ons list
1487774801790	addons.xpi	DEBUG	Registering manifest for C:\Program Files\Mozilla Firefox\browser\features\aushelper@mozilla.org.xpi
1487774801790	addons.xpi	DEBUG	Calling bootstrap method startup on aushelper@mozilla.org version 1.0
1487774801792	addons.xpi	DEBUG	Registering manifest for C:\Program Files\Mozilla Firefox\browser\features\e10srollout@mozilla.org.xpi
1487774801793	addons.xpi	DEBUG	Calling bootstrap method startup on e10srollout@mozilla.org version 1.7
1487774801794	addons.xpi	DEBUG	Registering manifest for C:\Program Files\Mozilla Firefox\browser\features\firefox@getpocket.com.xpi
1487774801795	addons.xpi	DEBUG	Calling bootstrap method startup on firefox@getpocket.com version 1.0.5
1487774801796	addons.xpi	DEBUG	Registering manifest for C:\Program Files\Mozilla Firefox\browser\features\webcompat@mozilla.org.xpi
1487774801796	addons.xpi	DEBUG	Calling bootstrap method startup on webcompat@mozilla.org version 1.0
1487774801799	addons.manager	DEBUG	Registering shutdown blocker for XPIProvider
1487774801799	addons.manager	DEBUG	Provider finished startup: XPIProvider
1487774801799	addons.manager	DEBUG	Starting provider: LightweightThemeManager
1487774801800	addons.manager	DEBUG	Registering shutdown blocker for LightweightThemeManager
1487774801801	addons.manager	DEBUG	Provider finished startup: LightweightThemeManager
1487774801801	addons.manager	DEBUG	Starting provider: GMPProvider
1487774801810	addons.manager	DEBUG	Registering shutdown blocker for GMPProvider
1487774801810	addons.manager	DEBUG	Provider finished startup: GMPProvider
1487774801811	addons.manager	DEBUG	Starting provider: PluginProvider
1487774801811	addons.manager	DEBUG	Registering shutdown blocker for PluginProvider
1487774801811	addons.manager	DEBUG	Provider finished startup: PluginProvider
1487774801812	addons.manager	DEBUG	Completed startup sequence
1487774802180	DeferredSave.extensions.json	DEBUG	Starting write
1487774802188	addons.manager	DEBUG	Starting provider: &lt;unnamed-provider&gt;
1487774802188	addons.manager	DEBUG	Registering shutdown blocker for &lt;unnamed-provider&gt;
1487774802188	addons.manager	DEBUG	Provider finished startup: &lt;unnamed-provider&gt;
1487774802606	addons.repository	DEBUG	No addons.json found.
1487774802606	DeferredSave.addons.json	DEBUG	Save changes
1487774802610	DeferredSave.addons.json	DEBUG	Starting timer
1487774802632	addons.manager	DEBUG	Starting provider: PreviousExperimentProvider
1487774802632	addons.manager	DEBUG	Registering shutdown blocker for PreviousExperimentProvider
1487774802633	addons.manager	DEBUG	Provider finished startup: PreviousExperimentProvider
1487774802635	DeferredSave.extensions.json	DEBUG	Write succeeded
1487774802636	addons.xpi-utils	DEBUG	XPI Database saved, setting schema version preference to 19
1487774802727	DeferredSave.addons.json	DEBUG	Starting write
1487774802766	DeferredSave.addons.json	DEBUG	Write succeeded

Build info: version: &apos;2.53.1&apos;, revision: &apos;a36b8b1cd5757287168e54b817830adce9b0158d&apos;, time: &apos;2016-06-30 19:26:09&apos;
System info: host: &apos;DDC-MIZELL&apos;, ip: &apos;10.110.34.23&apos;, os.name: &apos;Windows 10&apos;, os.arch: &apos;amd64&apos;, os.version: &apos;10.0&apos;, java.version: &apos;1.8.0_121&apos;
Driver info: driver.version: FirefoxDriver
	at org.openqa.selenium.firefox.internal.NewProfileExtensionConnection.start(NewProfileExtensionConnection.java:125)
	at org.openqa.selenium.firefox.FirefoxDriver.startClient(FirefoxDriver.java:271)
	at org.openqa.selenium.remote.RemoteWebDriver.&lt;init&gt;(RemoteWebDriver.java:119)
	at org.openqa.selenium.firefox.FirefoxDriver.&lt;init&gt;(FirefoxDriver.java:216)
	at org.openqa.selenium.firefox.FirefoxDriver.&lt;init&gt;(FirefoxDriver.java:211)
	at org.openqa.selenium.firefox.FirefoxDriver.&lt;init&gt;(FirefoxDriver.java:207)
	at org.openqa.selenium.firefox.FirefoxDriver.&lt;init&gt;(FirefoxDriver.java:124)
	at util.TestCaseBase.setUpFirefoxWithNewProfile(TestCaseBase.java:259)
	at util.TestCaseBase.selectBrowser(TestCaseBase.java:74)
	at util.TestCaseBase.setUpBrowser(TestCaseBase.java:62)
Caused by: org.openqa.selenium.firefox.NotConnectedException: Unable to connect to host 127.0.0.1 on port 7055 after 45000 ms. Firefox console output:
:null,&quot;defaultLocale&quot;:{&quot;name&quot;:&quot;Default&quot;,&quot;description&quot;:&quot;The default theme.&quot;,&quot;creator&quot;:&quot;Mozilla&quot;,&quot;homepageURL&quot;:null,&quot;contributors&quot;:[&quot;Mozilla Contributors&quot;]},&quot;visible&quot;:true,&quot;active&quot;:true,&quot;userDisabled&quot;:false,&quot;appDisabled&quot;:false,&quot;descriptor&quot;:&quot;C:\\Program Files\\Mozilla Firefox\\browser\\extensions\\{972ce4c6-7e08-4474-a285-3208198ce6fd}.xpi&quot;,&quot;installDate&quot;:1487620084415,&quot;updateDate&quot;:1487620084415,&quot;applyBackgroundUpdates&quot;:1,&quot;skinnable&quot;:true,&quot;size&quot;:19708,&quot;sourceURI&quot;:null,&quot;releaseNotesURI&quot;:null,&quot;softDisabled&quot;:false,&quot;foreignInstall&quot;:false,&quot;hasBinaryComponents&quot;:false,&quot;strictCompatibility&quot;:true,&quot;locales&quot;:[],&quot;targetApplications&quot;:[{&quot;id&quot;:&quot;{ec8030f7-c20a-464f-9b0e-13a3a9e97384}&quot;,&quot;minVersion&quot;:&quot;51.0.1&quot;,&quot;maxVersion&quot;:&quot;51.0.1&quot;}],&quot;targetPlatforms&quot;:[],&quot;seen&quot;:true,&quot;dependencies&quot;:[],&quot;hasEmbeddedWebExtension&quot;:false}
1487774801785	addons.xpi	DEBUG	getModTime: Recursive scan of {972ce4c6-7e08-4474-a285-3208198ce6fd}
1487774801786	DeferredSave.extensions.json	DEBUG	Save changes
1487774801786	addons.xpi	DEBUG	Updating database with changes to installed add-ons
1487774801786	addons.xpi-utils	DEBUG	Updating add-on states
1487774801787	addons.xpi-utils	DEBUG	Writing add-ons list
1487774801790	addons.xpi	DEBUG	Registering manifest for C:\Program Files\Mozilla Firefox\browser\features\aushelper@mozilla.org.xpi
1487774801790	addons.xpi	DEBUG	Calling bootstrap method startup on aushelper@mozilla.org version 1.0
1487774801792	addons.xpi	DEBUG	Registering manifest for C:\Program Files\Mozilla Firefox\browser\features\e10srollout@mozilla.org.xpi
1487774801793	addons.xpi	DEBUG	Calling bootstrap method startup on e10srollout@mozilla.org version 1.7
1487774801794	addons.xpi	DEBUG	Registering manifest for C:\Program Files\Mozilla Firefox\browser\features\firefox@getpocket.com.xpi
1487774801795	addons.xpi	DEBUG	Calling bootstrap method startup on firefox@getpocket.com version 1.0.5
1487774801796	addons.xpi	DEBUG	Registering manifest for C:\Program Files\Mozilla Firefox\browser\features\webcompat@mozilla.org.xpi
1487774801796	addons.xpi	DEBUG	Calling bootstrap method startup on webcompat@mozilla.org version 1.0
1487774801799	addons.manager	DEBUG	Registering shutdown blocker for XPIProvider
1487774801799	addons.manager	DEBUG	Provider finished startup: XPIProvider
1487774801799	addons.manager	DEBUG	Starting provider: LightweightThemeManager
1487774801800	addons.manager	DEBUG	Registering shutdown blocker for LightweightThemeManager
1487774801801	addons.manager	DEBUG	Provider finished startup: LightweightThemeManager
1487774801801	addons.manager	DEBUG	Starting provider: GMPProvider
1487774801810	addons.manager	DEBUG	Registering shutdown blocker for GMPProvider
1487774801810	addons.manager	DEBUG	Provider finished startup: GMPProvider
1487774801811	addons.manager	DEBUG	Starting provider: PluginProvider
1487774801811	addons.manager	DEBUG	Registering shutdown blocker for PluginProvider
1487774801811	addons.manager	DEBUG	Provider finished startup: PluginProvider
1487774801812	addons.manager	DEBUG	Completed startup sequence
1487774802180	DeferredSave.extensions.json	DEBUG	Starting write
1487774802188	addons.manager	DEBUG	Starting provider: &lt;unnamed-provider&gt;
1487774802188	addons.manager	DEBUG	Registering shutdown blocker for &lt;unnamed-provider&gt;
1487774802188	addons.manager	DEBUG	Provider finished startup: &lt;unnamed-provider&gt;
1487774802606	addons.repository	DEBUG	No addons.json found.
1487774802606	DeferredSave.addons.json	DEBUG	Save changes
1487774802610	DeferredSave.addons.json	DEBUG	Starting timer
1487774802632	addons.manager	DEBUG	Starting provider: PreviousExperimentProvider
1487774802632	addons.manager	DEBUG	Registering shutdown blocker for PreviousExperimentProvider
1487774802633	addons.manager	DEBUG	Provider finished startup: PreviousExperimentProvider
1487774802635	DeferredSave.extensions.json	DEBUG	Write succeeded
1487774802636	addons.xpi-utils	DEBUG	XPI Database saved, setting schema version preference to 19
1487774802727	DeferredSave.addons.json	DEBUG	Starting write
1487774802766	DeferredSave.addons.json	DEBUG	Write succeeded

	at org.openqa.selenium.firefox.internal.NewProfileExtensionConnection.start(NewProfileExtensionConnection.java:113)
	... 39 more
... Removed 30 stack frames</pre></div><a href='#' onClick='toggleBox("stack-trace1128132589", this, "Click to show all stack frames", "Click to hide stack frames")'>Click to show all stack frames</a>
<div class='stack-trace' id='stack-trace1128132589'><pre>org.openqa.selenium.WebDriverException: Failed to connect to binary FirefoxBinary(C:\Program Files\Mozilla Firefox\firefox.exe) on port 7055; process output follows: 
:null,&quot;defaultLocale&quot;:{&quot;name&quot;:&quot;Default&quot;,&quot;description&quot;:&quot;The default theme.&quot;,&quot;creator&quot;:&quot;Mozilla&quot;,&quot;homepageURL&quot;:null,&quot;contributors&quot;:[&quot;Mozilla Contributors&quot;]},&quot;visible&quot;:true,&quot;active&quot;:true,&quot;userDisabled&quot;:false,&quot;appDisabled&quot;:false,&quot;descriptor&quot;:&quot;C:\\Program Files\\Mozilla Firefox\\browser\\extensions\\{972ce4c6-7e08-4474-a285-3208198ce6fd}.xpi&quot;,&quot;installDate&quot;:1487620084415,&quot;updateDate&quot;:1487620084415,&quot;applyBackgroundUpdates&quot;:1,&quot;skinnable&quot;:true,&quot;size&quot;:19708,&quot;sourceURI&quot;:null,&quot;releaseNotesURI&quot;:null,&quot;softDisabled&quot;:false,&quot;foreignInstall&quot;:false,&quot;hasBinaryComponents&quot;:false,&quot;strictCompatibility&quot;:true,&quot;locales&quot;:[],&quot;targetApplications&quot;:[{&quot;id&quot;:&quot;{ec8030f7-c20a-464f-9b0e-13a3a9e97384}&quot;,&quot;minVersion&quot;:&quot;51.0.1&quot;,&quot;maxVersion&quot;:&quot;51.0.1&quot;}],&quot;targetPlatforms&quot;:[],&quot;seen&quot;:true,&quot;dependencies&quot;:[],&quot;hasEmbeddedWebExtension&quot;:false}
1487774801785	addons.xpi	DEBUG	getModTime: Recursive scan of {972ce4c6-7e08-4474-a285-3208198ce6fd}
1487774801786	DeferredSave.extensions.json	DEBUG	Save changes
1487774801786	addons.xpi	DEBUG	Updating database with changes to installed add-ons
1487774801786	addons.xpi-utils	DEBUG	Updating add-on states
1487774801787	addons.xpi-utils	DEBUG	Writing add-ons list
1487774801790	addons.xpi	DEBUG	Registering manifest for C:\Program Files\Mozilla Firefox\browser\features\aushelper@mozilla.org.xpi
1487774801790	addons.xpi	DEBUG	Calling bootstrap method startup on aushelper@mozilla.org version 1.0
1487774801792	addons.xpi	DEBUG	Registering manifest for C:\Program Files\Mozilla Firefox\browser\features\e10srollout@mozilla.org.xpi
1487774801793	addons.xpi	DEBUG	Calling bootstrap method startup on e10srollout@mozilla.org version 1.7
1487774801794	addons.xpi	DEBUG	Registering manifest for C:\Program Files\Mozilla Firefox\browser\features\firefox@getpocket.com.xpi
1487774801795	addons.xpi	DEBUG	Calling bootstrap method startup on firefox@getpocket.com version 1.0.5
1487774801796	addons.xpi	DEBUG	Registering manifest for C:\Program Files\Mozilla Firefox\browser\features\webcompat@mozilla.org.xpi
1487774801796	addons.xpi	DEBUG	Calling bootstrap method startup on webcompat@mozilla.org version 1.0
1487774801799	addons.manager	DEBUG	Registering shutdown blocker for XPIProvider
1487774801799	addons.manager	DEBUG	Provider finished startup: XPIProvider
1487774801799	addons.manager	DEBUG	Starting provider: LightweightThemeManager
1487774801800	addons.manager	DEBUG	Registering shutdown blocker for LightweightThemeManager
1487774801801	addons.manager	DEBUG	Provider finished startup: LightweightThemeManager
1487774801801	addons.manager	DEBUG	Starting provider: GMPProvider
1487774801810	addons.manager	DEBUG	Registering shutdown blocker for GMPProvider
1487774801810	addons.manager	DEBUG	Provider finished startup: GMPProvider
1487774801811	addons.manager	DEBUG	Starting provider: PluginProvider
1487774801811	addons.manager	DEBUG	Registering shutdown blocker for PluginProvider
1487774801811	addons.manager	DEBUG	Provider finished startup: PluginProvider
1487774801812	addons.manager	DEBUG	Completed startup sequence
1487774802180	DeferredSave.extensions.json	DEBUG	Starting write
1487774802188	addons.manager	DEBUG	Starting provider: &lt;unnamed-provider&gt;
1487774802188	addons.manager	DEBUG	Registering shutdown blocker for &lt;unnamed-provider&gt;
1487774802188	addons.manager	DEBUG	Provider finished startup: &lt;unnamed-provider&gt;
1487774802606	addons.repository	DEBUG	No addons.json found.
1487774802606	DeferredSave.addons.json	DEBUG	Save changes
1487774802610	DeferredSave.addons.json	DEBUG	Starting timer
1487774802632	addons.manager	DEBUG	Starting provider: PreviousExperimentProvider
1487774802632	addons.manager	DEBUG	Registering shutdown blocker for PreviousExperimentProvider
1487774802633	addons.manager	DEBUG	Provider finished startup: PreviousExperimentProvider
1487774802635	DeferredSave.extensions.json	DEBUG	Write succeeded
1487774802636	addons.xpi-utils	DEBUG	XPI Database saved, setting schema version preference to 19
1487774802727	DeferredSave.addons.json	DEBUG	Starting write
1487774802766	DeferredSave.addons.json	DEBUG	Write succeeded

Build info: version: &apos;2.53.1&apos;, revision: &apos;a36b8b1cd5757287168e54b817830adce9b0158d&apos;, time: &apos;2016-06-30 19:26:09&apos;
System info: host: &apos;DDC-MIZELL&apos;, ip: &apos;10.110.34.23&apos;, os.name: &apos;Windows 10&apos;, os.arch: &apos;amd64&apos;, os.version: &apos;10.0&apos;, java.version: &apos;1.8.0_121&apos;
Driver info: driver.version: FirefoxDriver
	at org.openqa.selenium.firefox.internal.NewProfileExtensionConnection.start(NewProfileExtensionConnection.java:125)
	at org.openqa.selenium.firefox.FirefoxDriver.startClient(FirefoxDriver.java:271)
	at org.openqa.selenium.remote.RemoteWebDriver.&lt;init&gt;(RemoteWebDriver.java:119)
	at org.openqa.selenium.firefox.FirefoxDriver.&lt;init&gt;(FirefoxDriver.java:216)
	at org.openqa.selenium.firefox.FirefoxDriver.&lt;init&gt;(FirefoxDriver.java:211)
	at org.openqa.selenium.firefox.FirefoxDriver.&lt;init&gt;(FirefoxDriver.java:207)
	at org.openqa.selenium.firefox.FirefoxDriver.&lt;init&gt;(FirefoxDriver.java:124)
	at util.TestCaseBase.setUpFirefoxWithNewProfile(TestCaseBase.java:259)
	at util.TestCaseBase.selectBrowser(TestCaseBase.java:74)
	at util.TestCaseBase.setUpBrowser(TestCaseBase.java:62)
	at sun.reflect.NativeMethodAccessorImpl.invoke0(Native Method)
	at sun.reflect.NativeMethodAccessorImpl.invoke(NativeMethodAccessorImpl.java:62)
	at sun.reflect.DelegatingMethodAccessorImpl.invoke(DelegatingMethodAccessorImpl.java:43)
	at java.lang.reflect.Method.invoke(Method.java:498)
	at org.testng.internal.MethodInvocationHelper.invokeMethod(MethodInvocationHelper.java:84)
	at org.testng.internal.Invoker.invokeConfigurationMethod(Invoker.java:564)
	at org.testng.internal.Invoker.invokeConfigurations(Invoker.java:213)
	at org.testng.internal.Invoker.invokeMethod(Invoker.java:653)
	at org.testng.internal.Invoker.invokeTestMethod(Invoker.java:901)
	at org.testng.internal.Invoker.invokeTestMethods(Invoker.java:1231)
	at org.testng.internal.TestMethodWorker.invokeTestMethods(TestMethodWorker.java:127)
	at org.testng.internal.TestMethodWorker.run(TestMethodWorker.java:111)
	at org.testng.TestRunner.privateRun(TestRunner.java:767)
	at org.testng.TestRunner.run(TestRunner.java:617)
	at org.testng.SuiteRunner.runTest(SuiteRunner.java:348)
	at org.testng.SuiteRunner.runSequentially(SuiteRunner.java:343)
	at org.testng.SuiteRunner.privateRun(SuiteRunner.java:305)
	at org.testng.SuiteRunner.run(SuiteRunner.java:254)
	at org.testng.SuiteRunnerWorker.runSuite(SuiteRunnerWorker.java:52)
	at org.testng.SuiteRunnerWorker.run(SuiteRunnerWorker.java:86)
	at org.testng.TestNG.runSuitesSequentially(TestNG.java:1224)
	at org.testng.TestNG.runSuitesSequentially(TestNG.java:1220)
	at org.testng.TestNG.runSuitesLocally(TestNG.java:1149)
	at org.testng.TestNG.run(TestNG.java:1057)
	at org.apache.maven.surefire.testng.TestNGExecutor.run(TestNGExecutor.java:295)
	at org.apache.maven.surefire.testng.TestNGXmlTestSuite.execute(TestNGXmlTestSuite.java:84)
	at org.apache.maven.surefire.testng.TestNGProvider.invoke(TestNGProvider.java:90)
	at org.apache.maven.surefire.booter.ForkedBooter.invokeProviderInSameClassLoader(ForkedBooter.java:203)
	at org.apache.maven.surefire.booter.ForkedBooter.runSuitesInProcess(ForkedBooter.java:155)
	at org.apache.maven.surefire.booter.ForkedBooter.main(ForkedBooter.java:103)
Caused by: org.openqa.selenium.firefox.NotConnectedException: Unable to connect to host 127.0.0.1 on port 7055 after 45000 ms. Firefox console output:
:null,&quot;defaultLocale&quot;:{&quot;name&quot;:&quot;Default&quot;,&quot;description&quot;:&quot;The default theme.&quot;,&quot;creator&quot;:&quot;Mozilla&quot;,&quot;homepageURL&quot;:null,&quot;contributors&quot;:[&quot;Mozilla Contributors&quot;]},&quot;visible&quot;:true,&quot;active&quot;:true,&quot;userDisabled&quot;:false,&quot;appDisabled&quot;:false,&quot;descriptor&quot;:&quot;C:\\Program Files\\Mozilla Firefox\\browser\\extensions\\{972ce4c6-7e08-4474-a285-3208198ce6fd}.xpi&quot;,&quot;installDate&quot;:1487620084415,&quot;updateDate&quot;:1487620084415,&quot;applyBackgroundUpdates&quot;:1,&quot;skinnable&quot;:true,&quot;size&quot;:19708,&quot;sourceURI&quot;:null,&quot;releaseNotesURI&quot;:null,&quot;softDisabled&quot;:false,&quot;foreignInstall&quot;:false,&quot;hasBinaryComponents&quot;:false,&quot;strictCompatibility&quot;:true,&quot;locales&quot;:[],&quot;targetApplications&quot;:[{&quot;id&quot;:&quot;{ec8030f7-c20a-464f-9b0e-13a3a9e97384}&quot;,&quot;minVersion&quot;:&quot;51.0.1&quot;,&quot;maxVersion&quot;:&quot;51.0.1&quot;}],&quot;targetPlatforms&quot;:[],&quot;seen&quot;:true,&quot;dependencies&quot;:[],&quot;hasEmbeddedWebExtension&quot;:false}
1487774801785	addons.xpi	DEBUG	getModTime: Recursive scan of {972ce4c6-7e08-4474-a285-3208198ce6fd}
1487774801786	DeferredSave.extensions.json	DEBUG	Save changes
1487774801786	addons.xpi	DEBUG	Updating database with changes to installed add-ons
1487774801786	addons.xpi-utils	DEBUG	Updating add-on states
1487774801787	addons.xpi-utils	DEBUG	Writing add-ons list
1487774801790	addons.xpi	DEBUG	Registering manifest for C:\Program Files\Mozilla Firefox\browser\features\aushelper@mozilla.org.xpi
1487774801790	addons.xpi	DEBUG	Calling bootstrap method startup on aushelper@mozilla.org version 1.0
1487774801792	addons.xpi	DEBUG	Registering manifest for C:\Program Files\Mozilla Firefox\browser\features\e10srollout@mozilla.org.xpi
1487774801793	addons.xpi	DEBUG	Calling bootstrap method startup on e10srollout@mozilla.org version 1.7
1487774801794	addons.xpi	DEBUG	Registering manifest for C:\Program Files\Mozilla Firefox\browser\features\firefox@getpocket.com.xpi
1487774801795	addons.xpi	DEBUG	Calling bootstrap method startup on firefox@getpocket.com version 1.0.5
1487774801796	addons.xpi	DEBUG	Registering manifest for C:\Program Files\Mozilla Firefox\browser\features\webcompat@mozilla.org.xpi
1487774801796	addons.xpi	DEBUG	Calling bootstrap method startup on webcompat@mozilla.org version 1.0
1487774801799	addons.manager	DEBUG	Registering shutdown blocker for XPIProvider
1487774801799	addons.manager	DEBUG	Provider finished startup: XPIProvider
1487774801799	addons.manager	DEBUG	Starting provider: LightweightThemeManager
1487774801800	addons.manager	DEBUG	Registering shutdown blocker for LightweightThemeManager
1487774801801	addons.manager	DEBUG	Provider finished startup: LightweightThemeManager
1487774801801	addons.manager	DEBUG	Starting provider: GMPProvider
1487774801810	addons.manager	DEBUG	Registering shutdown blocker for GMPProvider
1487774801810	addons.manager	DEBUG	Provider finished startup: GMPProvider
1487774801811	addons.manager	DEBUG	Starting provider: PluginProvider
1487774801811	addons.manager	DEBUG	Registering shutdown blocker for PluginProvider
1487774801811	addons.manager	DEBUG	Provider finished startup: PluginProvider
1487774801812	addons.manager	DEBUG	Completed startup sequence
1487774802180	DeferredSave.extensions.json	DEBUG	Starting write
1487774802188	addons.manager	DEBUG	Starting provider: &lt;unnamed-provider&gt;
1487774802188	addons.manager	DEBUG	Registering shutdown blocker for &lt;unnamed-provider&gt;
1487774802188	addons.manager	DEBUG	Provider finished startup: &lt;unnamed-provider&gt;
1487774802606	addons.repository	DEBUG	No addons.json found.
1487774802606	DeferredSave.addons.json	DEBUG	Save changes
1487774802610	DeferredSave.addons.json	DEBUG	Starting timer
1487774802632	addons.manager	DEBUG	Starting provider: PreviousExperimentProvider
1487774802632	addons.manager	DEBUG	Registering shutdown blocker for PreviousExperimentProvider
1487774802633	addons.manager	DEBUG	Provider finished startup: PreviousExperimentProvider
1487774802635	DeferredSave.extensions.json	DEBUG	Write succeeded
1487774802636	addons.xpi-utils	DEBUG	XPI Database saved, setting schema version preference to 19
1487774802727	DeferredSave.addons.json	DEBUG	Starting write
1487774802766	DeferredSave.addons.json	DEBUG	Write succeeded

	at org.openqa.selenium.firefox.internal.NewProfileExtensionConnection.start(NewProfileExtensionConnection.java:113)
	... 39 more
</pre></div></td>
<td>0</td>
<td>xbox.testcase.leaders.XboxLeaderCheck@327471b5</td></tr>
<tr>
<td title='xbox.testcase.leaders.XboxLeaderCheck.tearDown()'><b>tearDown</b><br>Test class: xbox.testcase.leaders.XboxLeaderCheck</td>
<td><div><pre>java.lang.NullPointerException
	at util.TestCaseBase.tearDown(TestCaseBase.java:224)
... Removed 30 stack frames</pre></div><a href='#' onClick='toggleBox("stack-trace1391624125", this, "Click to show all stack frames", "Click to hide stack frames")'>Click to show all stack frames</a>
<div class='stack-trace' id='stack-trace1391624125'><pre>java.lang.NullPointerException
	at util.TestCaseBase.tearDown(TestCaseBase.java:224)
	at sun.reflect.NativeMethodAccessorImpl.invoke0(Native Method)
	at sun.reflect.NativeMethodAccessorImpl.invoke(NativeMethodAccessorImpl.java:62)
	at sun.reflect.DelegatingMethodAccessorImpl.invoke(DelegatingMethodAccessorImpl.java:43)
	at java.lang.reflect.Method.invoke(Method.java:498)
	at org.testng.internal.MethodInvocationHelper.invokeMethod(MethodInvocationHelper.java:84)
	at org.testng.internal.Invoker.invokeConfigurationMethod(Invoker.java:564)
	at org.testng.internal.Invoker.invokeConfigurations(Invoker.java:213)
	at org.testng.internal.Invoker.invokeMethod(Invoker.java:786)
	at org.testng.internal.Invoker.invokeTestMethod(Invoker.java:901)
	at org.testng.internal.Invoker.invokeTestMethods(Invoker.java:1231)
	at org.testng.internal.TestMethodWorker.invokeTestMethods(TestMethodWorker.java:127)
	at org.testng.internal.TestMethodWorker.run(TestMethodWorker.java:111)
	at org.testng.TestRunner.privateRun(TestRunner.java:767)
	at org.testng.TestRunner.run(TestRunner.java:617)
	at org.testng.SuiteRunner.runTest(SuiteRunner.java:348)
	at org.testng.SuiteRunner.runSequentially(SuiteRunner.java:343)
	at org.testng.SuiteRunner.privateRun(SuiteRunner.java:305)
	at org.testng.SuiteRunner.run(SuiteRunner.java:254)
	at org.testng.SuiteRunnerWorker.runSuite(SuiteRunnerWorker.java:52)
	at org.testng.SuiteRunnerWorker.run(SuiteRunnerWorker.java:86)
	at org.testng.TestNG.runSuitesSequentially(TestNG.java:1224)
	at org.testng.TestNG.runSuitesSequentially(TestNG.java:1220)
	at org.testng.TestNG.runSuitesLocally(TestNG.java:1149)
	at org.testng.TestNG.run(TestNG.java:1057)
	at org.apache.maven.surefire.testng.TestNGExecutor.run(TestNGExecutor.java:295)
	at org.apache.maven.surefire.testng.TestNGXmlTestSuite.execute(TestNGXmlTestSuite.java:84)
	at org.apache.maven.surefire.testng.TestNGProvider.invoke(TestNGProvider.java:90)
	at org.apache.maven.surefire.booter.ForkedBooter.invokeProviderInSameClassLoader(ForkedBooter.java:203)
	at org.apache.maven.surefire.booter.ForkedBooter.runSuitesInProcess(ForkedBooter.java:155)
	at org.apache.maven.surefire.booter.ForkedBooter.main(ForkedBooter.java:103)
</pre></div></td>
<td>0</td>
<td>xbox.testcase.leaders.XboxLeaderCheck@327471b5</td></tr>
</table><p>
<table width='100%' border='1' class='invocation-skipped'>
<tr><td colspan='4' align='center'><b>SKIPPED TESTS</b></td></tr>
<tr><td><b>Test method</b></td>
<td width="30%"><b>Exception</b></td>
<td width="10%"><b>Time (seconds)</b></td>
<td><b>Instance</b></td>
</tr>
<tr>
<td title='xbox.testcase.leaders.XboxLeaderCheck.testTopLeaders()'><b>testTopLeaders</b><br>Test class: xbox.testcase.leaders.XboxLeaderCheck</td>
<td></td>
<td>0</td>
<td>xbox.testcase.leaders.XboxLeaderCheck@327471b5</td></tr>
</table><p>
</body>
</html>