<?xml version="1.0" encoding="UTF-8"?>
<testsuite name="TestSuite" time="92.643" tests="6" errors="0" skipped="2" failures="4">
  <properties>
    <property name="java.runtime.name" value="Java(TM) SE Runtime Environment"/>
    <property name="sun.boot.library.path" value="C:\Program Files\Java\jdk1.8.0_121\jre\bin"/>
    <property name="java.vm.version" value="25.121-b13"/>
    <property name="java.vm.vendor" value="Oracle Corporation"/>
    <property name="maven.multiModuleProjectDirectory" value="C:\Users\elena.mizell\workspace\XboxProject2"/>
    <property name="java.vendor.url" value="http://java.oracle.com/"/>
    <property name="path.separator" value=";"/>
    <property name="guice.disable.misplaced.annotation.check" value="true"/>
    <property name="java.vm.name" value="Java HotSpot(TM) 64-Bit Server VM"/>
    <property name="file.encoding.pkg" value="sun.io"/>
    <property name="user.script" value=""/>
    <property name="user.country" value="US"/>
    <property name="sun.java.launcher" value="SUN_STANDARD"/>
    <property name="sun.os.patch.level" value=""/>
    <property name="java.vm.specification.name" value="Java Virtual Machine Specification"/>
    <property name="user.dir" value="C:\Users\elena.mizell\workspace\XboxProject2"/>
    <property name="java.runtime.version" value="1.8.0_121-b13"/>
    <property name="java.awt.graphicsenv" value="sun.awt.Win32GraphicsEnvironment"/>
    <property name="java.endorsed.dirs" value="C:\Program Files\Java\jdk1.8.0_121\jre\lib\endorsed"/>
    <property name="os.arch" value="amd64"/>
    <property name="java.io.tmpdir" value="C:\Users\ELENA~1.MIZ\AppData\Local\Temp\"/>
    <property name="line.separator" value="&#10;"/>
    <property name="java.vm.specification.vendor" value="Oracle Corporation"/>
    <property name="user.variant" value=""/>
    <property name="os.name" value="Windows 10"/>
    <property name="classworlds.conf" value="C:\Users\elena.mizell\workspace\.metadata\.plugins\org.eclipse.m2e.launching\launches\m2conf1805244901836563207.tmp"/>
    <property name="sun.jnu.encoding" value="Cp1252"/>
    <property name="java.library.path" value="C:\Program Files\Java\jdk1.8.0_121\bin;C:\windows\Sun\Java\bin;C:\windows\system32;C:\windows;C:\ProgramData\Oracle\Java\javapath;C:\windows\system32;C:\windows;C:\windows\System32\Wbem;C:\windows\System32\WindowsPowerShell\v1.0\;C:\Program Files (x86)\Kaspersky Lab\Kaspersky Endpoint Security 10 for Windows SP1\;C:\Program Files (x86)\Subversion\bin;C:\Program Files\TortoiseSVN\bin;C:\Program Files\Java\jdk1.8.0_121\bin;."/>
    <property name="java.specification.name" value="Java Platform API Specification"/>
    <property name="java.class.version" value="52.0"/>
    <property name="sun.management.compiler" value="HotSpot 64-Bit Tiered Compilers"/>
    <property name="os.version" value="10.0"/>
    <property name="user.home" value="C:\Users\elena.mizell"/>
    <property name="user.timezone" value="America/Chicago"/>
    <property name="java.awt.printerjob" value="sun.awt.windows.WPrinterJob"/>
    <property name="java.specification.version" value="1.8"/>
    <property name="file.encoding" value="Cp1252"/>
    <property name="user.name" value="elena.mizell"/>
    <property name="java.class.path" value="/C:/Users/elena.mizell/eclipse/java-neon/eclipse/../../../.p2/pool/plugins/org.eclipse.m2e.maven.runtime_1.7.0.20160603-1931/jars/plexus-classworlds-2.5.2.jar"/>
    <property name="java.vm.specification.version" value="1.8"/>
    <property name="sun.arch.data.model" value="64"/>
    <property name="java.home" value="C:\Program Files\Java\jdk1.8.0_121\jre"/>
    <property name="sun.java.command" value="org.codehaus.plexus.classworlds.launcher.Launcher -B install"/>
    <property name="java.specification.vendor" value="Oracle Corporation"/>
    <property name="user.language" value="en"/>
    <property name="awt.toolkit" value="sun.awt.windows.WToolkit"/>
    <property name="java.vm.info" value="mixed mode"/>
    <property name="java.version" value="1.8.0_121"/>
    <property name="java.ext.dirs" value="C:\Program Files\Java\jdk1.8.0_121\jre\lib\ext;C:\windows\Sun\Java\lib\ext"/>
    <property name="sun.boot.class.path" value="C:\Program Files\Java\jdk1.8.0_121\jre\lib\resources.jar;C:\Program Files\Java\jdk1.8.0_121\jre\lib\rt.jar;C:\Program Files\Java\jdk1.8.0_121\jre\lib\sunrsasign.jar;C:\Program Files\Java\jdk1.8.0_121\jre\lib\jsse.jar;C:\Program Files\Java\jdk1.8.0_121\jre\lib\jce.jar;C:\Program Files\Java\jdk1.8.0_121\jre\lib\charsets.jar;C:\Program Files\Java\jdk1.8.0_121\jre\lib\jfr.jar;C:\Program Files\Java\jdk1.8.0_121\jre\classes"/>
    <property name="java.vendor" value="Oracle Corporation"/>
    <property name="maven.home" value="C:\Users\elena.mizell\workspace\XboxProject2\EMBEDDED"/>
    <property name="file.separator" value="\"/>
    <property name="java.vendor.url.bug" value="http://bugreport.sun.com/bugreport/"/>
    <property name="sun.cpu.endian" value="little"/>
    <property name="sun.io.unicode.encoding" value="UnicodeLittle"/>
    <property name="sun.desktop" value="windows"/>
    <property name="sun.cpu.isalist" value="amd64"/>
  </properties>
  <testcase name="setUpBrowser" classname="xbox.testcase.leaders.XboxLeaderCheck" time="46.956">
    <failure message="Failed to connect to binary FirefoxBinary(C:\Program Files\Mozilla Firefox\firefox.exe) on port 7055; process output follows: &#10;:null,&quot;defaultLocale&quot;:{&quot;name&quot;:&quot;Default&quot;,&quot;description&quot;:&quot;The default theme.&quot;,&quot;creator&quot;:&quot;Mozilla&quot;,&quot;homepageURL&quot;:null,&quot;contributors&quot;:[&quot;Mozilla Contributors&quot;]},&quot;visible&quot;:true,&quot;active&quot;:true,&quot;userDisabled&quot;:false,&quot;appDisabled&quot;:false,&quot;descriptor&quot;:&quot;C:\\Program Files\\Mozilla Firefox\\browser\\extensions\\{972ce4c6-7e08-4474-a285-3208198ce6fd}.xpi&quot;,&quot;installDate&quot;:1487620084415,&quot;updateDate&quot;:1487620084415,&quot;applyBackgroundUpdates&quot;:1,&quot;skinnable&quot;:true,&quot;size&quot;:19708,&quot;sourceURI&quot;:null,&quot;releaseNotesURI&quot;:null,&quot;softDisabled&quot;:false,&quot;foreignInstall&quot;:false,&quot;hasBinaryComponents&quot;:false,&quot;strictCompatibility&quot;:true,&quot;locales&quot;:[],&quot;targetApplications&quot;:[{&quot;id&quot;:&quot;{ec8030f7-c20a-464f-9b0e-13a3a9e97384}&quot;,&quot;minVersion&quot;:&quot;51.0.1&quot;,&quot;maxVersion&quot;:&quot;51.0.1&quot;}],&quot;targetPlatforms&quot;:[],&quot;seen&quot;:true,&quot;dependencies&quot;:[],&quot;hasEmbeddedWebExtension&quot;:false}&#10;1487774801785	addons.xpi	DEBUG	getModTime: Recursive scan of {972ce4c6-7e08-4474-a285-3208198ce6fd}&#10;1487774801786	DeferredSave.extensions.json	DEBUG	Save changes&#10;1487774801786	addons.xpi	DEBUG	Updating database with changes to installed add-ons&#10;1487774801786	addons.xpi-utils	DEBUG	Updating add-on states&#10;1487774801787	addons.xpi-utils	DEBUG	Writing add-ons list&#10;1487774801790	addons.xpi	DEBUG	Registering manifest for C:\Program Files\Mozilla Firefox\browser\features\aushelper@mozilla.org.xpi&#10;1487774801790	addons.xpi	DEBUG	Calling bootstrap method startup on aushelper@mozilla.org version 1.0&#10;1487774801792	addons.xpi	DEBUG	Registering manifest for C:\Program Files\Mozilla Firefox\browser\features\e10srollout@mozilla.org.xpi&#10;1487774801793	addons.xpi	DEBUG	Calling bootstrap method startup on e10srollout@mozilla.org version 1.7&#10;1487774801794	addons.xpi	DEBUG	Registering manifest for C:\Program Files\Mozilla Firefox\browser\features\firefox@getpocket.com.xpi&#10;1487774801795	addons.xpi	DEBUG	Calling bootstrap method startup on firefox@getpocket.com version 1.0.5&#10;1487774801796	addons.xpi	DEBUG	Registering manifest for C:\Program Files\Mozilla Firefox\browser\features\webcompat@mozilla.org.xpi&#10;1487774801796	addons.xpi	DEBUG	Calling bootstrap method startup on webcompat@mozilla.org version 1.0&#10;1487774801799	addons.manager	DEBUG	Registering shutdown blocker for XPIProvider&#10;1487774801799	addons.manager	DEBUG	Provider finished startup: XPIProvider&#10;1487774801799	addons.manager	DEBUG	Starting provider: LightweightThemeManager&#10;1487774801800	addons.manager	DEBUG	Registering shutdown blocker for LightweightThemeManager&#10;1487774801801	addons.manager	DEBUG	Provider finished startup: LightweightThemeManager&#10;1487774801801	addons.manager	DEBUG	Starting provider: GMPProvider&#10;1487774801810	addons.manager	DEBUG	Registering shutdown blocker for GMPProvider&#10;1487774801810	addons.manager	DEBUG	Provider finished startup: GMPProvider&#10;1487774801811	addons.manager	DEBUG	Starting provider: PluginProvider&#10;1487774801811	addons.manager	DEBUG	Registering shutdown blocker for PluginProvider&#10;1487774801811	addons.manager	DEBUG	Provider finished startup: PluginProvider&#10;1487774801812	addons.manager	DEBUG	Completed startup sequence&#10;1487774802180	DeferredSave.extensions.json	DEBUG	Starting write&#10;1487774802188	addons.manager	DEBUG	Starting provider: &lt;unnamed-provider&gt;&#10;1487774802188	addons.manager	DEBUG	Registering shutdown blocker for &lt;unnamed-provider&gt;&#10;1487774802188	addons.manager	DEBUG	Provider finished startup: &lt;unnamed-provider&gt;&#10;1487774802606	addons.repository	DEBUG	No addons.json found.&#10;1487774802606	DeferredSave.addons.json	DEBUG	Save changes&#10;1487774802610	DeferredSave.addons.json	DEBUG	Starting timer&#10;1487774802632	addons.manager	DEBUG	Starting provider: PreviousExperimentProvider&#10;1487774802632	addons.manager	DEBUG	Registering shutdown blocker for PreviousExperimentProvider&#10;1487774802633	addons.manager	DEBUG	Provider finished startup: PreviousExperimentProvider&#10;1487774802635	DeferredSave.extensions.json	DEBUG	Write succeeded&#10;1487774802636	addons.xpi-utils	DEBUG	XPI Database saved, setting schema version preference to 19&#10;1487774802727	DeferredSave.addons.json	DEBUG	Starting write&#10;1487774802766	DeferredSave.addons.json	DEBUG	Write succeeded&#10;&#10;Build info: version: &apos;2.53.1&apos;, revision: &apos;a36b8b1cd5757287168e54b817830adce9b0158d&apos;, time: &apos;2016-06-30 19:26:09&apos;&#10;System info: host: &apos;DDC-MIZELL&apos;, ip: &apos;10.110.34.23&apos;, os.name: &apos;Windows 10&apos;, os.arch: &apos;amd64&apos;, os.version: &apos;10.0&apos;, java.version: &apos;1.8.0_121&apos;&#10;Driver info: driver.version: FirefoxDriver" type="org.openqa.selenium.WebDriverException"><![CDATA[org.openqa.selenium.WebDriverException: Failed to connect to binary FirefoxBinary(C:\Program Files\Mozilla Firefox\firefox.exe) on port 7055; process output follows: 
:null,"defaultLocale":{"name":"Default","description":"The default theme.","creator":"Mozilla","homepageURL":null,"contributors":["Mozilla Contributors"]},"visible":true,"active":true,"userDisabled":false,"appDisabled":false,"descriptor":"C:\\Program Files\\Mozilla Firefox\\browser\\extensions\\{972ce4c6-7e08-4474-a285-3208198ce6fd}.xpi","installDate":1487620084415,"updateDate":1487620084415,"applyBackgroundUpdates":1,"skinnable":true,"size":19708,"sourceURI":null,"releaseNotesURI":null,"softDisabled":false,"foreignInstall":false,"hasBinaryComponents":false,"strictCompatibility":true,"locales":[],"targetApplications":[{"id":"{ec8030f7-c20a-464f-9b0e-13a3a9e97384}","minVersion":"51.0.1","maxVersion":"51.0.1"}],"targetPlatforms":[],"seen":true,"dependencies":[],"hasEmbeddedWebExtension":false}
1487774801785	addons.xpi	DEBUG	getModTime: Recursive scan of {972ce4c6-7e08-4474-a285-3208198ce6fd}
1487774801786	DeferredSave.extensions.json	DEBUG	Save changes
1487774801786	addons.xpi	DEBUG	Updating database with changes to installed add-ons
1487774801786	addons.xpi-utils	DEBUG	Updating add-on states
1487774801787	addons.xpi-utils	DEBUG	Writing add-ons list
1487774801790	addons.xpi	DEBUG	Registering manifest for C:\Program Files\Mozilla Firefox\browser\features\aushelper@mozilla.org.xpi
1487774801790	addons.xpi	DEBUG	Calling bootstrap method startup on aushelper@mozilla.org version 1.0
1487774801792	addons.xpi	DEBUG	Registering manifest for C:\Program Files\Mozilla Firefox\browser\features\e10srollout@mozilla.org.xpi
1487774801793	addons.xpi	DEBUG	Calling bootstrap method startup on e10srollout@mozilla.org version 1.7
1487774801794	addons.xpi	DEBUG	Registering manifest for C:\Program Files\Mozilla Firefox\browser\features\firefox@getpocket.com.xpi
1487774801795	addons.xpi	DEBUG	Calling bootstrap method startup on firefox@getpocket.com version 1.0.5
1487774801796	addons.xpi	DEBUG	Registering manifest for C:\Program Files\Mozilla Firefox\browser\features\webcompat@mozilla.org.xpi
1487774801796	addons.xpi	DEBUG	Calling bootstrap method startup on webcompat@mozilla.org version 1.0
1487774801799	addons.manager	DEBUG	Registering shutdown blocker for XPIProvider
1487774801799	addons.manager	DEBUG	Provider finished startup: XPIProvider
1487774801799	addons.manager	DEBUG	Starting provider: LightweightThemeManager
1487774801800	addons.manager	DEBUG	Registering shutdown blocker for LightweightThemeManager
1487774801801	addons.manager	DEBUG	Provider finished startup: LightweightThemeManager
1487774801801	addons.manager	DEBUG	Starting provider: GMPProvider
1487774801810	addons.manager	DEBUG	Registering shutdown blocker for GMPProvider
1487774801810	addons.manager	DEBUG	Provider finished startup: GMPProvider
1487774801811	addons.manager	DEBUG	Starting provider: PluginProvider
1487774801811	addons.manager	DEBUG	Registering shutdown blocker for PluginProvider
1487774801811	addons.manager	DEBUG	Provider finished startup: PluginProvider
1487774801812	addons.manager	DEBUG	Completed startup sequence
1487774802180	DeferredSave.extensions.json	DEBUG	Starting write
1487774802188	addons.manager	DEBUG	Starting provider: <unnamed-provider>
1487774802188	addons.manager	DEBUG	Registering shutdown blocker for <unnamed-provider>
1487774802188	addons.manager	DEBUG	Provider finished startup: <unnamed-provider>
1487774802606	addons.repository	DEBUG	No addons.json found.
1487774802606	DeferredSave.addons.json	DEBUG	Save changes
1487774802610	DeferredSave.addons.json	DEBUG	Starting timer
1487774802632	addons.manager	DEBUG	Starting provider: PreviousExperimentProvider
1487774802632	addons.manager	DEBUG	Registering shutdown blocker for PreviousExperimentProvider
1487774802633	addons.manager	DEBUG	Provider finished startup: PreviousExperimentProvider
1487774802635	DeferredSave.extensions.json	DEBUG	Write succeeded
1487774802636	addons.xpi-utils	DEBUG	XPI Database saved, setting schema version preference to 19
1487774802727	DeferredSave.addons.json	DEBUG	Starting write
1487774802766	DeferredSave.addons.json	DEBUG	Write succeeded

Build info: version: '2.53.1', revision: 'a36b8b1cd5757287168e54b817830adce9b0158d', time: '2016-06-30 19:26:09'
System info: host: 'DDC-MIZELL', ip: '10.110.34.23', os.name: 'Windows 10', os.arch: 'amd64', os.version: '10.0', java.version: '1.8.0_121'
Driver info: driver.version: FirefoxDriver
	at org.openqa.selenium.firefox.internal.NewProfileExtensionConnection.start(NewProfileExtensionConnection.java:125)
	at org.openqa.selenium.firefox.FirefoxDriver.startClient(FirefoxDriver.java:271)
	at org.openqa.selenium.remote.RemoteWebDriver.<init>(RemoteWebDriver.java:119)
	at org.openqa.selenium.firefox.FirefoxDriver.<init>(FirefoxDriver.java:216)
	at org.openqa.selenium.firefox.FirefoxDriver.<init>(FirefoxDriver.java:211)
	at org.openqa.selenium.firefox.FirefoxDriver.<init>(FirefoxDriver.java:207)
	at org.openqa.selenium.firefox.FirefoxDriver.<init>(FirefoxDriver.java:124)
	at util.TestCaseBase.setUpFirefoxWithNewProfile(TestCaseBase.java:259)
	at util.TestCaseBase.selectBrowser(TestCaseBase.java:74)
	at util.TestCaseBase.setUpBrowser(TestCaseBase.java:62)
	at sun.reflect.NativeMethodAccessorImpl.invoke0(Native Method)
	at sun.reflect.NativeMethodAccessorImpl.invoke(NativeMethodAccessorImpl.java:62)
	at sun.reflect.DelegatingMethodAccessorImpl.invoke(DelegatingMethodAccessorImpl.java:43)
	at java.lang.reflect.Method.invoke(Method.java:498)
	at org.testng.internal.MethodInvocationHelper.invokeMethod(MethodInvocationHelper.java:84)
	at org.testng.internal.Invoker.invokeConfigurationMethod(Invoker.java:564)
	at org.testng.internal.Invoker.invokeConfigurations(Invoker.java:213)
	at org.testng.internal.Invoker.invokeMethod(Invoker.java:653)
	at org.testng.internal.Invoker.invokeTestMethod(Invoker.java:901)
	at org.testng.internal.Invoker.invokeTestMethods(Invoker.java:1231)
	at org.testng.internal.TestMethodWorker.invokeTestMethods(TestMethodWorker.java:127)
	at org.testng.internal.TestMethodWorker.run(TestMethodWorker.java:111)
	at org.testng.TestRunner.privateRun(TestRunner.java:767)
	at org.testng.TestRunner.run(TestRunner.java:617)
	at org.testng.SuiteRunner.runTest(SuiteRunner.java:348)
	at org.testng.SuiteRunner.runSequentially(SuiteRunner.java:343)
	at org.testng.SuiteRunner.privateRun(SuiteRunner.java:305)
	at org.testng.SuiteRunner.run(SuiteRunner.java:254)
	at org.testng.SuiteRunnerWorker.runSuite(SuiteRunnerWorker.java:52)
	at org.testng.SuiteRunnerWorker.run(SuiteRunnerWorker.java:86)
	at org.testng.TestNG.runSuitesSequentially(TestNG.java:1224)
	at org.testng.TestNG.runSuitesSequentially(TestNG.java:1220)
	at org.testng.TestNG.runSuitesLocally(TestNG.java:1149)
	at org.testng.TestNG.run(TestNG.java:1057)
	at org.apache.maven.surefire.testng.TestNGExecutor.run(TestNGExecutor.java:295)
	at org.apache.maven.surefire.testng.TestNGXmlTestSuite.execute(TestNGXmlTestSuite.java:84)
	at org.apache.maven.surefire.testng.TestNGProvider.invoke(TestNGProvider.java:90)
	at org.apache.maven.surefire.booter.ForkedBooter.invokeProviderInSameClassLoader(ForkedBooter.java:203)
	at org.apache.maven.surefire.booter.ForkedBooter.runSuitesInProcess(ForkedBooter.java:155)
	at org.apache.maven.surefire.booter.ForkedBooter.main(ForkedBooter.java:103)
Caused by: org.openqa.selenium.firefox.NotConnectedException: Unable to connect to host 127.0.0.1 on port 7055 after 45000 ms. Firefox console output:
:null,"defaultLocale":{"name":"Default","description":"The default theme.","creator":"Mozilla","homepageURL":null,"contributors":["Mozilla Contributors"]},"visible":true,"active":true,"userDisabled":false,"appDisabled":false,"descriptor":"C:\\Program Files\\Mozilla Firefox\\browser\\extensions\\{972ce4c6-7e08-4474-a285-3208198ce6fd}.xpi","installDate":1487620084415,"updateDate":1487620084415,"applyBackgroundUpdates":1,"skinnable":true,"size":19708,"sourceURI":null,"releaseNotesURI":null,"softDisabled":false,"foreignInstall":false,"hasBinaryComponents":false,"strictCompatibility":true,"locales":[],"targetApplications":[{"id":"{ec8030f7-c20a-464f-9b0e-13a3a9e97384}","minVersion":"51.0.1","maxVersion":"51.0.1"}],"targetPlatforms":[],"seen":true,"dependencies":[],"hasEmbeddedWebExtension":false}
1487774801785	addons.xpi	DEBUG	getModTime: Recursive scan of {972ce4c6-7e08-4474-a285-3208198ce6fd}
1487774801786	DeferredSave.extensions.json	DEBUG	Save changes
1487774801786	addons.xpi	DEBUG	Updating database with changes to installed add-ons
1487774801786	addons.xpi-utils	DEBUG	Updating add-on states
1487774801787	addons.xpi-utils	DEBUG	Writing add-ons list
1487774801790	addons.xpi	DEBUG	Registering manifest for C:\Program Files\Mozilla Firefox\browser\features\aushelper@mozilla.org.xpi
1487774801790	addons.xpi	DEBUG	Calling bootstrap method startup on aushelper@mozilla.org version 1.0
1487774801792	addons.xpi	DEBUG	Registering manifest for C:\Program Files\Mozilla Firefox\browser\features\e10srollout@mozilla.org.xpi
1487774801793	addons.xpi	DEBUG	Calling bootstrap method startup on e10srollout@mozilla.org version 1.7
1487774801794	addons.xpi	DEBUG	Registering manifest for C:\Program Files\Mozilla Firefox\browser\features\firefox@getpocket.com.xpi
1487774801795	addons.xpi	DEBUG	Calling bootstrap method startup on firefox@getpocket.com version 1.0.5
1487774801796	addons.xpi	DEBUG	Registering manifest for C:\Program Files\Mozilla Firefox\browser\features\webcompat@mozilla.org.xpi
1487774801796	addons.xpi	DEBUG	Calling bootstrap method startup on webcompat@mozilla.org version 1.0
1487774801799	addons.manager	DEBUG	Registering shutdown blocker for XPIProvider
1487774801799	addons.manager	DEBUG	Provider finished startup: XPIProvider
1487774801799	addons.manager	DEBUG	Starting provider: LightweightThemeManager
1487774801800	addons.manager	DEBUG	Registering shutdown blocker for LightweightThemeManager
1487774801801	addons.manager	DEBUG	Provider finished startup: LightweightThemeManager
1487774801801	addons.manager	DEBUG	Starting provider: GMPProvider
1487774801810	addons.manager	DEBUG	Registering shutdown blocker for GMPProvider
1487774801810	addons.manager	DEBUG	Provider finished startup: GMPProvider
1487774801811	addons.manager	DEBUG	Starting provider: PluginProvider
1487774801811	addons.manager	DEBUG	Registering shutdown blocker for PluginProvider
1487774801811	addons.manager	DEBUG	Provider finished startup: PluginProvider
1487774801812	addons.manager	DEBUG	Completed startup sequence
1487774802180	DeferredSave.extensions.json	DEBUG	Starting write
1487774802188	addons.manager	DEBUG	Starting provider: <unnamed-provider>
1487774802188	addons.manager	DEBUG	Registering shutdown blocker for <unnamed-provider>
1487774802188	addons.manager	DEBUG	Provider finished startup: <unnamed-provider>
1487774802606	addons.repository	DEBUG	No addons.json found.
1487774802606	DeferredSave.addons.json	DEBUG	Save changes
1487774802610	DeferredSave.addons.json	DEBUG	Starting timer
1487774802632	addons.manager	DEBUG	Starting provider: PreviousExperimentProvider
1487774802632	addons.manager	DEBUG	Registering shutdown blocker for PreviousExperimentProvider
1487774802633	addons.manager	DEBUG	Provider finished startup: PreviousExperimentProvider
1487774802635	DeferredSave.extensions.json	DEBUG	Write succeeded
1487774802636	addons.xpi-utils	DEBUG	XPI Database saved, setting schema version preference to 19
1487774802727	DeferredSave.addons.json	DEBUG	Starting write
1487774802766	DeferredSave.addons.json	DEBUG	Write succeeded

	at org.openqa.selenium.firefox.internal.NewProfileExtensionConnection.start(NewProfileExtensionConnection.java:113)
	at org.openqa.selenium.firefox.FirefoxDriver.startClient(FirefoxDriver.java:271)
	at org.openqa.selenium.remote.RemoteWebDriver.<init>(RemoteWebDriver.java:119)
	at org.openqa.selenium.firefox.FirefoxDriver.<init>(FirefoxDriver.java:216)
	at org.openqa.selenium.firefox.FirefoxDriver.<init>(FirefoxDriver.java:211)
	at org.openqa.selenium.firefox.FirefoxDriver.<init>(FirefoxDriver.java:207)
	at org.openqa.selenium.firefox.FirefoxDriver.<init>(FirefoxDriver.java:124)
	at util.TestCaseBase.setUpFirefoxWithNewProfile(TestCaseBase.java:259)
	at util.TestCaseBase.selectBrowser(TestCaseBase.java:74)
	at util.TestCaseBase.setUpBrowser(TestCaseBase.java:62)
	at sun.reflect.NativeMethodAccessorImpl.invoke0(Native Method)
	at sun.reflect.NativeMethodAccessorImpl.invoke(NativeMethodAccessorImpl.java:62)
	at sun.reflect.DelegatingMethodAccessorImpl.invoke(DelegatingMethodAccessorImpl.java:43)
	at java.lang.reflect.Method.invoke(Method.java:498)
	at org.testng.internal.MethodInvocationHelper.invokeMethod(MethodInvocationHelper.java:84)
	at org.testng.internal.Invoker.invokeConfigurationMethod(Invoker.java:564)
	at org.testng.internal.Invoker.invokeConfigurations(Invoker.java:213)
	at org.testng.internal.Invoker.invokeMethod(Invoker.java:653)
	at org.testng.internal.Invoker.invokeTestMethod(Invoker.java:901)
	at org.testng.internal.Invoker.invokeTestMethods(Invoker.java:1231)
	at org.testng.internal.TestMethodWorker.invokeTestMethods(TestMethodWorker.java:127)
	at org.testng.internal.TestMethodWorker.run(TestMethodWorker.java:111)
	at org.testng.TestRunner.privateRun(TestRunner.java:767)
	at org.testng.TestRunner.run(TestRunner.java:617)
	at org.testng.SuiteRunner.runTest(SuiteRunner.java:348)
	at org.testng.SuiteRunner.runSequentially(SuiteRunner.java:343)
	at org.testng.SuiteRunner.privateRun(SuiteRunner.java:305)
	at org.testng.SuiteRunner.run(SuiteRunner.java:254)
	at org.testng.SuiteRunnerWorker.runSuite(SuiteRunnerWorker.java:52)
	at org.testng.SuiteRunnerWorker.run(SuiteRunnerWorker.java:86)
	at org.testng.TestNG.runSuitesSequentially(TestNG.java:1224)
	at org.testng.TestNG.runSuitesSequentially(TestNG.java:1220)
	at org.testng.TestNG.runSuitesLocally(TestNG.java:1149)
	at org.testng.TestNG.run(TestNG.java:1057)
	at org.apache.maven.surefire.testng.TestNGExecutor.run(TestNGExecutor.java:295)
	at org.apache.maven.surefire.testng.TestNGXmlTestSuite.execute(TestNGXmlTestSuite.java:84)
	at org.apache.maven.surefire.testng.TestNGProvider.invoke(TestNGProvider.java:90)
	at org.apache.maven.surefire.booter.ForkedBooter.invokeProviderInSameClassLoader(ForkedBooter.java:203)
	at org.apache.maven.surefire.booter.ForkedBooter.runSuitesInProcess(ForkedBooter.java:155)
	at org.apache.maven.surefire.booter.ForkedBooter.main(ForkedBooter.java:103)
]]></failure>
    <system-err><![CDATA[Feb 22, 2017 8:46:40 AM xbox.testcase.leaders.XboxLeaderCheck setUpBrowser
INFO: running TEST Case:xbox.testcase.leaders.XboxLeaderCheck
Feb 22, 2017 8:46:40 AM xbox.testcase.leaders.XboxLeaderCheck initParams
INFO: onGrid=false
Feb 22, 2017 8:46:40 AM xbox.testcase.leaders.XboxLeaderCheck initParams
INFO: browserFlag=firefox
org.openqa.selenium.firefox.NotConnectedException: Unable to connect to host 127.0.0.1 on port 7055 after 45000 ms. Firefox console output:
:null,"defaultLocale":{"name":"Default","description":"The default theme.","creator":"Mozilla","homepageURL":null,"contributors":["Mozilla Contributors"]},"visible":true,"active":true,"userDisabled":false,"appDisabled":false,"descriptor":"C:\\Program Files\\Mozilla Firefox\\browser\\extensions\\{972ce4c6-7e08-4474-a285-3208198ce6fd}.xpi","installDate":1487620084415,"updateDate":1487620084415,"applyBackgroundUpdates":1,"skinnable":true,"size":19708,"sourceURI":null,"releaseNotesURI":null,"softDisabled":false,"foreignInstall":false,"hasBinaryComponents":false,"strictCompatibility":true,"locales":[],"targetApplications":[{"id":"{ec8030f7-c20a-464f-9b0e-13a3a9e97384}","minVersion":"51.0.1","maxVersion":"51.0.1"}],"targetPlatforms":[],"seen":true,"dependencies":[],"hasEmbeddedWebExtension":false}
1487774801785	addons.xpi	DEBUG	getModTime: Recursive scan of {972ce4c6-7e08-4474-a285-3208198ce6fd}
1487774801786	DeferredSave.extensions.json	DEBUG	Save changes
1487774801786	addons.xpi	DEBUG	Updating database with changes to installed add-ons
1487774801786	addons.xpi-utils	DEBUG	Updating add-on states
1487774801787	addons.xpi-utils	DEBUG	Writing add-ons list
1487774801790	addons.xpi	DEBUG	Registering manifest for C:\Program Files\Mozilla Firefox\browser\features\aushelper@mozilla.org.xpi
1487774801790	addons.xpi	DEBUG	Calling bootstrap method startup on aushelper@mozilla.org version 1.0
1487774801792	addons.xpi	DEBUG	Registering manifest for C:\Program Files\Mozilla Firefox\browser\features\e10srollout@mozilla.org.xpi
1487774801793	addons.xpi	DEBUG	Calling bootstrap method startup on e10srollout@mozilla.org version 1.7
1487774801794	addons.xpi	DEBUG	Registering manifest for C:\Program Files\Mozilla Firefox\browser\features\firefox@getpocket.com.xpi
1487774801795	addons.xpi	DEBUG	Calling bootstrap method startup on firefox@getpocket.com version 1.0.5
1487774801796	addons.xpi	DEBUG	Registering manifest for C:\Program Files\Mozilla Firefox\browser\features\webcompat@mozilla.org.xpi
1487774801796	addons.xpi	DEBUG	Calling bootstrap method startup on webcompat@mozilla.org version 1.0
1487774801799	addons.manager	DEBUG	Registering shutdown blocker for XPIProvider
1487774801799	addons.manager	DEBUG	Provider finished startup: XPIProvider
1487774801799	addons.manager	DEBUG	Starting provider: LightweightThemeManager
1487774801800	addons.manager	DEBUG	Registering shutdown blocker for LightweightThemeManager
1487774801801	addons.manager	DEBUG	Provider finished startup: LightweightThemeManager
1487774801801	addons.manager	DEBUG	Starting provider: GMPProvider
1487774801810	addons.manager	DEBUG	Registering shutdown blocker for GMPProvider
1487774801810	addons.manager	DEBUG	Provider finished startup: GMPProvider
1487774801811	addons.manager	DEBUG	Starting provider: PluginProvider
1487774801811	addons.manager	DEBUG	Registering shutdown blocker for PluginProvider
1487774801811	addons.manager	DEBUG	Provider finished startup: PluginProvider
1487774801812	addons.manager	DEBUG	Completed startup sequence
1487774802180	DeferredSave.extensions.json	DEBUG	Starting write
1487774802188	addons.manager	DEBUG	Starting provider: <unnamed-provider>
1487774802188	addons.manager	DEBUG	Registering shutdown blocker for <unnamed-provider>
1487774802188	addons.manager	DEBUG	Provider finished startup: <unnamed-provider>
1487774802606	addons.repository	DEBUG	No addons.json found.
1487774802606	DeferredSave.addons.json	DEBUG	Save changes
1487774802610	DeferredSave.addons.json	DEBUG	Starting timer
1487774802632	addons.manager	DEBUG	Starting provider: PreviousExperimentProvider
1487774802632	addons.manager	DEBUG	Registering shutdown blocker for PreviousExperimentProvider
1487774802633	addons.manager	DEBUG	Provider finished startup: PreviousExperimentProvider
1487774802635	DeferredSave.extensions.json	DEBUG	Write succeeded
1487774802636	addons.xpi-utils	DEBUG	XPI Database saved, setting schema version preference to 19
1487774802727	DeferredSave.addons.json	DEBUG	Starting write
1487774802766	DeferredSave.addons.json	DEBUG	Write succeeded

	at org.openqa.selenium.firefox.internal.NewProfileExtensionConnection.start(NewProfileExtensionConnection.java:113)
	at org.openqa.selenium.firefox.FirefoxDriver.startClient(FirefoxDriver.java:271)
	at org.openqa.selenium.remote.RemoteWebDriver.<init>(RemoteWebDriver.java:119)
	at org.openqa.selenium.firefox.FirefoxDriver.<init>(FirefoxDriver.java:216)
	at org.openqa.selenium.firefox.FirefoxDriver.<init>(FirefoxDriver.java:211)
	at org.openqa.selenium.firefox.FirefoxDriver.<init>(FirefoxDriver.java:207)
	at org.openqa.selenium.firefox.FirefoxDriver.<init>(FirefoxDriver.java:124)
	at util.TestCaseBase.setUpFirefoxWithNewProfile(TestCaseBase.java:259)
	at util.TestCaseBase.selectBrowser(TestCaseBase.java:74)
	at util.TestCaseBase.setUpBrowser(TestCaseBase.java:62)
	at sun.reflect.NativeMethodAccessorImpl.invoke0(Native Method)
	at sun.reflect.NativeMethodAccessorImpl.invoke(NativeMethodAccessorImpl.java:62)
	at sun.reflect.DelegatingMethodAccessorImpl.invoke(DelegatingMethodAccessorImpl.java:43)
	at java.lang.reflect.Method.invoke(Method.java:498)
	at org.testng.internal.MethodInvocationHelper.invokeMethod(MethodInvocationHelper.java:84)
	at org.testng.internal.Invoker.invokeConfigurationMethod(Invoker.java:564)
	at org.testng.internal.Invoker.invokeConfigurations(Invoker.java:213)
	at org.testng.internal.Invoker.invokeMethod(Invoker.java:653)
	at org.testng.internal.Invoker.invokeTestMethod(Invoker.java:901)
	at org.testng.internal.Invoker.invokeTestMethods(Invoker.java:1231)
	at org.testng.internal.TestMethodWorker.invokeTestMethods(TestMethodWorker.java:127)
	at org.testng.internal.TestMethodWorker.run(TestMethodWorker.java:111)
	at org.testng.TestRunner.privateRun(TestRunner.java:767)
	at org.testng.TestRunner.run(TestRunner.java:617)
	at org.testng.SuiteRunner.runTest(SuiteRunner.java:348)
	at org.testng.SuiteRunner.runSequentially(SuiteRunner.java:343)
	at org.testng.SuiteRunner.privateRun(SuiteRunner.java:305)
	at org.testng.SuiteRunner.run(SuiteRunner.java:254)
	at org.testng.SuiteRunnerWorker.runSuite(SuiteRunnerWorker.java:52)
	at org.testng.SuiteRunnerWorker.run(SuiteRunnerWorker.java:86)
	at org.testng.TestNG.runSuitesSequentially(TestNG.java:1224)
	at org.testng.TestNG.runSuitesSequentially(TestNG.java:1220)
	at org.testng.TestNG.runSuitesLocally(TestNG.java:1149)
	at org.testng.TestNG.run(TestNG.java:1057)
	at org.apache.maven.surefire.testng.TestNGExecutor.run(TestNGExecutor.java:295)
	at org.apache.maven.surefire.testng.TestNGXmlTestSuite.execute(TestNGXmlTestSuite.java:84)
	at org.apache.maven.surefire.testng.TestNGProvider.invoke(TestNGProvider.java:90)
	at org.apache.maven.surefire.booter.ForkedBooter.invokeProviderInSameClassLoader(ForkedBooter.java:203)
	at org.apache.maven.surefire.booter.ForkedBooter.runSuitesInProcess(ForkedBooter.java:155)
	at org.apache.maven.surefire.booter.ForkedBooter.main(ForkedBooter.java:103)
]]></system-err>
  </testcase>
  <testcase name="testTopLeaders" classname="xbox.testcase.leaders.XboxLeaderCheck" time="0">
    <skipped/>
  </testcase>
  <testcase name="tearDown" classname="xbox.testcase.leaders.XboxLeaderCheck" time="0">
    <failure type="java.lang.NullPointerException:">java.lang.NullPointerException: null
	at util.TestCaseBase.tearDown(TestCaseBase.java:224)
	at sun.reflect.NativeMethodAccessorImpl.invoke0(Native Method)
	at sun.reflect.NativeMethodAccessorImpl.invoke(NativeMethodAccessorImpl.java:62)
	at sun.reflect.DelegatingMethodAccessorImpl.invoke(DelegatingMethodAccessorImpl.java:43)
	at java.lang.reflect.Method.invoke(Method.java:498)
	at org.testng.internal.MethodInvocationHelper.invokeMethod(MethodInvocationHelper.java:84)
	at org.testng.internal.Invoker.invokeConfigurationMethod(Invoker.java:564)
	at org.testng.internal.Invoker.invokeConfigurations(Invoker.java:213)
	at org.testng.internal.Invoker.invokeMethod(Invoker.java:786)
	at org.testng.internal.Invoker.invokeTestMethod(Invoker.java:901)
	at org.testng.internal.Invoker.invokeTestMethods(Invoker.java:1231)
	at org.testng.internal.TestMethodWorker.invokeTestMethods(TestMethodWorker.java:127)
	at org.testng.internal.TestMethodWorker.run(TestMethodWorker.java:111)
	at org.testng.TestRunner.privateRun(TestRunner.java:767)
	at org.testng.TestRunner.run(TestRunner.java:617)
	at org.testng.SuiteRunner.runTest(SuiteRunner.java:348)
	at org.testng.SuiteRunner.runSequentially(SuiteRunner.java:343)
	at org.testng.SuiteRunner.privateRun(SuiteRunner.java:305)
	at org.testng.SuiteRunner.run(SuiteRunner.java:254)
	at org.testng.SuiteRunnerWorker.runSuite(SuiteRunnerWorker.java:52)
	at org.testng.SuiteRunnerWorker.run(SuiteRunnerWorker.java:86)
	at org.testng.TestNG.runSuitesSequentially(TestNG.java:1224)
	at org.testng.TestNG.runSuitesSequentially(TestNG.java:1220)
	at org.testng.TestNG.runSuitesLocally(TestNG.java:1149)
	at org.testng.TestNG.run(TestNG.java:1057)
	at org.apache.maven.surefire.testng.TestNGExecutor.run(TestNGExecutor.java:295)
	at org.apache.maven.surefire.testng.TestNGXmlTestSuite.execute(TestNGXmlTestSuite.java:84)
	at org.apache.maven.surefire.testng.TestNGProvider.invoke(TestNGProvider.java:90)
	at org.apache.maven.surefire.booter.ForkedBooter.invokeProviderInSameClassLoader(ForkedBooter.java:203)
	at org.apache.maven.surefire.booter.ForkedBooter.runSuitesInProcess(ForkedBooter.java:155)
	at org.apache.maven.surefire.booter.ForkedBooter.main(ForkedBooter.java:103)
</failure>
  </testcase>
  <testcase name="setUpBrowser" classname="xbox.testcase.profile.XboxProfileCheck" time="45.687">
    <failure message="Failed to connect to binary FirefoxBinary(C:\Program Files\Mozilla Firefox\firefox.exe) on port 7055; process output follows: &#10;Mozilla Contributors&quot;]},&quot;visible&quot;:true,&quot;active&quot;:true,&quot;userDisabled&quot;:false,&quot;appDisabled&quot;:false,&quot;descriptor&quot;:&quot;C:\\Program Files\\Mozilla Firefox\\browser\\extensions\\{972ce4c6-7e08-4474-a285-3208198ce6fd}.xpi&quot;,&quot;installDate&quot;:1487620084415,&quot;updateDate&quot;:1487620084415,&quot;applyBackgroundUpdates&quot;:1,&quot;skinnable&quot;:true,&quot;size&quot;:19708,&quot;sourceURI&quot;:null,&quot;releaseNotesURI&quot;:null,&quot;softDisabled&quot;:false,&quot;foreignInstall&quot;:false,&quot;hasBinaryComponents&quot;:false,&quot;strictCompatibility&quot;:true,&quot;locales&quot;:[],&quot;targetApplications&quot;:[{&quot;id&quot;:&quot;{ec8030f7-c20a-464f-9b0e-13a3a9e97384}&quot;,&quot;minVersion&quot;:&quot;51.0.1&quot;,&quot;maxVersion&quot;:&quot;51.0.1&quot;}],&quot;targetPlatforms&quot;:[],&quot;seen&quot;:true,&quot;dependencies&quot;:[],&quot;hasEmbeddedWebExtension&quot;:false}&#10;1487774847629	addons.xpi	DEBUG	getModTime: Recursive scan of {972ce4c6-7e08-4474-a285-3208198ce6fd}&#10;1487774847630	DeferredSave.extensions.json	DEBUG	Save changes&#10;1487774847630	addons.xpi	DEBUG	Updating database with changes to installed add-ons&#10;1487774847630	addons.xpi-utils	DEBUG	Updating add-on states&#10;1487774847631	addons.xpi-utils	DEBUG	Writing add-ons list&#10;1487774847633	addons.xpi	DEBUG	Registering manifest for C:\Program Files\Mozilla Firefox\browser\features\aushelper@mozilla.org.xpi&#10;1487774847634	addons.xpi	DEBUG	Calling bootstrap method startup on aushelper@mozilla.org version 1.0&#10;1487774847635	addons.xpi	DEBUG	Registering manifest for C:\Program Files\Mozilla Firefox\browser\features\e10srollout@mozilla.org.xpi&#10;1487774847636	addons.xpi	DEBUG	Calling bootstrap method startup on e10srollout@mozilla.org version 1.7&#10;1487774847637	addons.xpi	DEBUG	Registering manifest for C:\Program Files\Mozilla Firefox\browser\features\firefox@getpocket.com.xpi&#10;1487774847637	addons.xpi	DEBUG	Calling bootstrap method startup on firefox@getpocket.com version 1.0.5&#10;1487774847638	addons.xpi	DEBUG	Registering manifest for C:\Program Files\Mozilla Firefox\browser\features\webcompat@mozilla.org.xpi&#10;1487774847638	addons.xpi	DEBUG	Calling bootstrap method startup on webcompat@mozilla.org version 1.0&#10;1487774847641	addons.manager	DEBUG	Registering shutdown blocker for XPIProvider&#10;1487774847642	addons.manager	DEBUG	Provider finished startup: XPIProvider&#10;1487774847642	addons.manager	DEBUG	Starting provider: LightweightThemeManager&#10;1487774847643	addons.manager	DEBUG	Registering shutdown blocker for LightweightThemeManager&#10;1487774847643	addons.manager	DEBUG	Provider finished startup: LightweightThemeManager&#10;1487774847644	addons.manager	DEBUG	Starting provider: GMPProvider&#10;1487774847653	addons.manager	DEBUG	Registering shutdown blocker for GMPProvider&#10;1487774847653	addons.manager	DEBUG	Provider finished startup: GMPProvider&#10;1487774847653	addons.manager	DEBUG	Starting provider: PluginProvider&#10;1487774847654	addons.manager	DEBUG	Registering shutdown blocker for PluginProvider&#10;1487774847654	addons.manager	DEBUG	Provider finished startup: PluginProvider&#10;1487774847654	addons.manager	DEBUG	Completed startup sequence&#10;1487774848035	addons.manager	DEBUG	Starting provider: &lt;unnamed-provider&gt;&#10;1487774848036	addons.manager	DEBUG	Registering shutdown blocker for &lt;unnamed-provider&gt;&#10;1487774848036	addons.manager	DEBUG	Provider finished startup: &lt;unnamed-provider&gt;&#10;1487774848459	DeferredSave.extensions.json	DEBUG	Write succeeded&#10;1487774848459	addons.xpi-utils	DEBUG	XPI Database saved, setting schema version preference to 19&#10;1487774848459	DeferredSave.extensions.json	DEBUG	Starting timer&#10;1487774848478	addons.repository	DEBUG	No addons.json found.&#10;1487774848478	DeferredSave.addons.json	DEBUG	Save changes&#10;1487774848481	DeferredSave.addons.json	DEBUG	Starting timer&#10;1487774848505	addons.manager	DEBUG	Starting provider: PreviousExperimentProvider&#10;1487774848505	addons.manager	DEBUG	Registering shutdown blocker for PreviousExperimentProvider&#10;1487774848505	addons.manager	DEBUG	Provider finished startup: PreviousExperimentProvider&#10;1487774848508	DeferredSave.extensions.json	DEBUG	Starting write&#10;1487774848604	DeferredSave.addons.json	DEBUG	Starting write&#10;1487774848642	DeferredSave.extensions.json	DEBUG	Write succeeded&#10;1487774848653	DeferredSave.addons.json	DEBUG	Write succeeded&#10;&#10;Build info: version: &apos;2.53.1&apos;, revision: &apos;a36b8b1cd5757287168e54b817830adce9b0158d&apos;, time: &apos;2016-06-30 19:26:09&apos;&#10;System info: host: &apos;DDC-MIZELL&apos;, ip: &apos;10.110.34.23&apos;, os.name: &apos;Windows 10&apos;, os.arch: &apos;amd64&apos;, os.version: &apos;10.0&apos;, java.version: &apos;1.8.0_121&apos;&#10;Driver info: driver.version: FirefoxDriver" type="org.openqa.selenium.WebDriverException"><![CDATA[org.openqa.selenium.WebDriverException: Failed to connect to binary FirefoxBinary(C:\Program Files\Mozilla Firefox\firefox.exe) on port 7055; process output follows: 
Mozilla Contributors"]},"visible":true,"active":true,"userDisabled":false,"appDisabled":false,"descriptor":"C:\\Program Files\\Mozilla Firefox\\browser\\extensions\\{972ce4c6-7e08-4474-a285-3208198ce6fd}.xpi","installDate":1487620084415,"updateDate":1487620084415,"applyBackgroundUpdates":1,"skinnable":true,"size":19708,"sourceURI":null,"releaseNotesURI":null,"softDisabled":false,"foreignInstall":false,"hasBinaryComponents":false,"strictCompatibility":true,"locales":[],"targetApplications":[{"id":"{ec8030f7-c20a-464f-9b0e-13a3a9e97384}","minVersion":"51.0.1","maxVersion":"51.0.1"}],"targetPlatforms":[],"seen":true,"dependencies":[],"hasEmbeddedWebExtension":false}
1487774847629	addons.xpi	DEBUG	getModTime: Recursive scan of {972ce4c6-7e08-4474-a285-3208198ce6fd}
1487774847630	DeferredSave.extensions.json	DEBUG	Save changes
1487774847630	addons.xpi	DEBUG	Updating database with changes to installed add-ons
1487774847630	addons.xpi-utils	DEBUG	Updating add-on states
1487774847631	addons.xpi-utils	DEBUG	Writing add-ons list
1487774847633	addons.xpi	DEBUG	Registering manifest for C:\Program Files\Mozilla Firefox\browser\features\aushelper@mozilla.org.xpi
1487774847634	addons.xpi	DEBUG	Calling bootstrap method startup on aushelper@mozilla.org version 1.0
1487774847635	addons.xpi	DEBUG	Registering manifest for C:\Program Files\Mozilla Firefox\browser\features\e10srollout@mozilla.org.xpi
1487774847636	addons.xpi	DEBUG	Calling bootstrap method startup on e10srollout@mozilla.org version 1.7
1487774847637	addons.xpi	DEBUG	Registering manifest for C:\Program Files\Mozilla Firefox\browser\features\firefox@getpocket.com.xpi
1487774847637	addons.xpi	DEBUG	Calling bootstrap method startup on firefox@getpocket.com version 1.0.5
1487774847638	addons.xpi	DEBUG	Registering manifest for C:\Program Files\Mozilla Firefox\browser\features\webcompat@mozilla.org.xpi
1487774847638	addons.xpi	DEBUG	Calling bootstrap method startup on webcompat@mozilla.org version 1.0
1487774847641	addons.manager	DEBUG	Registering shutdown blocker for XPIProvider
1487774847642	addons.manager	DEBUG	Provider finished startup: XPIProvider
1487774847642	addons.manager	DEBUG	Starting provider: LightweightThemeManager
1487774847643	addons.manager	DEBUG	Registering shutdown blocker for LightweightThemeManager
1487774847643	addons.manager	DEBUG	Provider finished startup: LightweightThemeManager
1487774847644	addons.manager	DEBUG	Starting provider: GMPProvider
1487774847653	addons.manager	DEBUG	Registering shutdown blocker for GMPProvider
1487774847653	addons.manager	DEBUG	Provider finished startup: GMPProvider
1487774847653	addons.manager	DEBUG	Starting provider: PluginProvider
1487774847654	addons.manager	DEBUG	Registering shutdown blocker for PluginProvider
1487774847654	addons.manager	DEBUG	Provider finished startup: PluginProvider
1487774847654	addons.manager	DEBUG	Completed startup sequence
1487774848035	addons.manager	DEBUG	Starting provider: <unnamed-provider>
1487774848036	addons.manager	DEBUG	Registering shutdown blocker for <unnamed-provider>
1487774848036	addons.manager	DEBUG	Provider finished startup: <unnamed-provider>
1487774848459	DeferredSave.extensions.json	DEBUG	Write succeeded
1487774848459	addons.xpi-utils	DEBUG	XPI Database saved, setting schema version preference to 19
1487774848459	DeferredSave.extensions.json	DEBUG	Starting timer
1487774848478	addons.repository	DEBUG	No addons.json found.
1487774848478	DeferredSave.addons.json	DEBUG	Save changes
1487774848481	DeferredSave.addons.json	DEBUG	Starting timer
1487774848505	addons.manager	DEBUG	Starting provider: PreviousExperimentProvider
1487774848505	addons.manager	DEBUG	Registering shutdown blocker for PreviousExperimentProvider
1487774848505	addons.manager	DEBUG	Provider finished startup: PreviousExperimentProvider
1487774848508	DeferredSave.extensions.json	DEBUG	Starting write
1487774848604	DeferredSave.addons.json	DEBUG	Starting write
1487774848642	DeferredSave.extensions.json	DEBUG	Write succeeded
1487774848653	DeferredSave.addons.json	DEBUG	Write succeeded

Build info: version: '2.53.1', revision: 'a36b8b1cd5757287168e54b817830adce9b0158d', time: '2016-06-30 19:26:09'
System info: host: 'DDC-MIZELL', ip: '10.110.34.23', os.name: 'Windows 10', os.arch: 'amd64', os.version: '10.0', java.version: '1.8.0_121'
Driver info: driver.version: FirefoxDriver
	at org.openqa.selenium.firefox.internal.NewProfileExtensionConnection.start(NewProfileExtensionConnection.java:125)
	at org.openqa.selenium.firefox.FirefoxDriver.startClient(FirefoxDriver.java:271)
	at org.openqa.selenium.remote.RemoteWebDriver.<init>(RemoteWebDriver.java:119)
	at org.openqa.selenium.firefox.FirefoxDriver.<init>(FirefoxDriver.java:216)
	at org.openqa.selenium.firefox.FirefoxDriver.<init>(FirefoxDriver.java:211)
	at org.openqa.selenium.firefox.FirefoxDriver.<init>(FirefoxDriver.java:207)
	at org.openqa.selenium.firefox.FirefoxDriver.<init>(FirefoxDriver.java:124)
	at util.TestCaseBase.setUpFirefoxWithNewProfile(TestCaseBase.java:259)
	at util.TestCaseBase.selectBrowser(TestCaseBase.java:74)
	at util.TestCaseBase.setUpBrowser(TestCaseBase.java:62)
	at sun.reflect.NativeMethodAccessorImpl.invoke0(Native Method)
	at sun.reflect.NativeMethodAccessorImpl.invoke(NativeMethodAccessorImpl.java:62)
	at sun.reflect.DelegatingMethodAccessorImpl.invoke(DelegatingMethodAccessorImpl.java:43)
	at java.lang.reflect.Method.invoke(Method.java:498)
	at org.testng.internal.MethodInvocationHelper.invokeMethod(MethodInvocationHelper.java:84)
	at org.testng.internal.Invoker.invokeConfigurationMethod(Invoker.java:564)
	at org.testng.internal.Invoker.invokeConfigurations(Invoker.java:213)
	at org.testng.internal.Invoker.invokeMethod(Invoker.java:653)
	at org.testng.internal.Invoker.invokeTestMethod(Invoker.java:901)
	at org.testng.internal.Invoker.invokeTestMethods(Invoker.java:1231)
	at org.testng.internal.TestMethodWorker.invokeTestMethods(TestMethodWorker.java:127)
	at org.testng.internal.TestMethodWorker.run(TestMethodWorker.java:111)
	at org.testng.TestRunner.privateRun(TestRunner.java:767)
	at org.testng.TestRunner.run(TestRunner.java:617)
	at org.testng.SuiteRunner.runTest(SuiteRunner.java:348)
	at org.testng.SuiteRunner.runSequentially(SuiteRunner.java:343)
	at org.testng.SuiteRunner.privateRun(SuiteRunner.java:305)
	at org.testng.SuiteRunner.run(SuiteRunner.java:254)
	at org.testng.SuiteRunnerWorker.runSuite(SuiteRunnerWorker.java:52)
	at org.testng.SuiteRunnerWorker.run(SuiteRunnerWorker.java:86)
	at org.testng.TestNG.runSuitesSequentially(TestNG.java:1224)
	at org.testng.TestNG.runSuitesSequentially(TestNG.java:1220)
	at org.testng.TestNG.runSuitesLocally(TestNG.java:1149)
	at org.testng.TestNG.run(TestNG.java:1057)
	at org.apache.maven.surefire.testng.TestNGExecutor.run(TestNGExecutor.java:295)
	at org.apache.maven.surefire.testng.TestNGXmlTestSuite.execute(TestNGXmlTestSuite.java:84)
	at org.apache.maven.surefire.testng.TestNGProvider.invoke(TestNGProvider.java:90)
	at org.apache.maven.surefire.booter.ForkedBooter.invokeProviderInSameClassLoader(ForkedBooter.java:203)
	at org.apache.maven.surefire.booter.ForkedBooter.runSuitesInProcess(ForkedBooter.java:155)
	at org.apache.maven.surefire.booter.ForkedBooter.main(ForkedBooter.java:103)
Caused by: org.openqa.selenium.firefox.NotConnectedException: Unable to connect to host 127.0.0.1 on port 7055 after 45000 ms. Firefox console output:
Mozilla Contributors"]},"visible":true,"active":true,"userDisabled":false,"appDisabled":false,"descriptor":"C:\\Program Files\\Mozilla Firefox\\browser\\extensions\\{972ce4c6-7e08-4474-a285-3208198ce6fd}.xpi","installDate":1487620084415,"updateDate":1487620084415,"applyBackgroundUpdates":1,"skinnable":true,"size":19708,"sourceURI":null,"releaseNotesURI":null,"softDisabled":false,"foreignInstall":false,"hasBinaryComponents":false,"strictCompatibility":true,"locales":[],"targetApplications":[{"id":"{ec8030f7-c20a-464f-9b0e-13a3a9e97384}","minVersion":"51.0.1","maxVersion":"51.0.1"}],"targetPlatforms":[],"seen":true,"dependencies":[],"hasEmbeddedWebExtension":false}
1487774847629	addons.xpi	DEBUG	getModTime: Recursive scan of {972ce4c6-7e08-4474-a285-3208198ce6fd}
1487774847630	DeferredSave.extensions.json	DEBUG	Save changes
1487774847630	addons.xpi	DEBUG	Updating database with changes to installed add-ons
1487774847630	addons.xpi-utils	DEBUG	Updating add-on states
1487774847631	addons.xpi-utils	DEBUG	Writing add-ons list
1487774847633	addons.xpi	DEBUG	Registering manifest for C:\Program Files\Mozilla Firefox\browser\features\aushelper@mozilla.org.xpi
1487774847634	addons.xpi	DEBUG	Calling bootstrap method startup on aushelper@mozilla.org version 1.0
1487774847635	addons.xpi	DEBUG	Registering manifest for C:\Program Files\Mozilla Firefox\browser\features\e10srollout@mozilla.org.xpi
1487774847636	addons.xpi	DEBUG	Calling bootstrap method startup on e10srollout@mozilla.org version 1.7
1487774847637	addons.xpi	DEBUG	Registering manifest for C:\Program Files\Mozilla Firefox\browser\features\firefox@getpocket.com.xpi
1487774847637	addons.xpi	DEBUG	Calling bootstrap method startup on firefox@getpocket.com version 1.0.5
1487774847638	addons.xpi	DEBUG	Registering manifest for C:\Program Files\Mozilla Firefox\browser\features\webcompat@mozilla.org.xpi
1487774847638	addons.xpi	DEBUG	Calling bootstrap method startup on webcompat@mozilla.org version 1.0
1487774847641	addons.manager	DEBUG	Registering shutdown blocker for XPIProvider
1487774847642	addons.manager	DEBUG	Provider finished startup: XPIProvider
1487774847642	addons.manager	DEBUG	Starting provider: LightweightThemeManager
1487774847643	addons.manager	DEBUG	Registering shutdown blocker for LightweightThemeManager
1487774847643	addons.manager	DEBUG	Provider finished startup: LightweightThemeManager
1487774847644	addons.manager	DEBUG	Starting provider: GMPProvider
1487774847653	addons.manager	DEBUG	Registering shutdown blocker for GMPProvider
1487774847653	addons.manager	DEBUG	Provider finished startup: GMPProvider
1487774847653	addons.manager	DEBUG	Starting provider: PluginProvider
1487774847654	addons.manager	DEBUG	Registering shutdown blocker for PluginProvider
1487774847654	addons.manager	DEBUG	Provider finished startup: PluginProvider
1487774847654	addons.manager	DEBUG	Completed startup sequence
1487774848035	addons.manager	DEBUG	Starting provider: <unnamed-provider>
1487774848036	addons.manager	DEBUG	Registering shutdown blocker for <unnamed-provider>
1487774848036	addons.manager	DEBUG	Provider finished startup: <unnamed-provider>
1487774848459	DeferredSave.extensions.json	DEBUG	Write succeeded
1487774848459	addons.xpi-utils	DEBUG	XPI Database saved, setting schema version preference to 19
1487774848459	DeferredSave.extensions.json	DEBUG	Starting timer
1487774848478	addons.repository	DEBUG	No addons.json found.
1487774848478	DeferredSave.addons.json	DEBUG	Save changes
1487774848481	DeferredSave.addons.json	DEBUG	Starting timer
1487774848505	addons.manager	DEBUG	Starting provider: PreviousExperimentProvider
1487774848505	addons.manager	DEBUG	Registering shutdown blocker for PreviousExperimentProvider
1487774848505	addons.manager	DEBUG	Provider finished startup: PreviousExperimentProvider
1487774848508	DeferredSave.extensions.json	DEBUG	Starting write
1487774848604	DeferredSave.addons.json	DEBUG	Starting write
1487774848642	DeferredSave.extensions.json	DEBUG	Write succeeded
1487774848653	DeferredSave.addons.json	DEBUG	Write succeeded

	at org.openqa.selenium.firefox.internal.NewProfileExtensionConnection.start(NewProfileExtensionConnection.java:113)
	at org.openqa.selenium.firefox.FirefoxDriver.startClient(FirefoxDriver.java:271)
	at org.openqa.selenium.remote.RemoteWebDriver.<init>(RemoteWebDriver.java:119)
	at org.openqa.selenium.firefox.FirefoxDriver.<init>(FirefoxDriver.java:216)
	at org.openqa.selenium.firefox.FirefoxDriver.<init>(FirefoxDriver.java:211)
	at org.openqa.selenium.firefox.FirefoxDriver.<init>(FirefoxDriver.java:207)
	at org.openqa.selenium.firefox.FirefoxDriver.<init>(FirefoxDriver.java:124)
	at util.TestCaseBase.setUpFirefoxWithNewProfile(TestCaseBase.java:259)
	at util.TestCaseBase.selectBrowser(TestCaseBase.java:74)
	at util.TestCaseBase.setUpBrowser(TestCaseBase.java:62)
	at sun.reflect.NativeMethodAccessorImpl.invoke0(Native Method)
	at sun.reflect.NativeMethodAccessorImpl.invoke(NativeMethodAccessorImpl.java:62)
	at sun.reflect.DelegatingMethodAccessorImpl.invoke(DelegatingMethodAccessorImpl.java:43)
	at java.lang.reflect.Method.invoke(Method.java:498)
	at org.testng.internal.MethodInvocationHelper.invokeMethod(MethodInvocationHelper.java:84)
	at org.testng.internal.Invoker.invokeConfigurationMethod(Invoker.java:564)
	at org.testng.internal.Invoker.invokeConfigurations(Invoker.java:213)
	at org.testng.internal.Invoker.invokeMethod(Invoker.java:653)
	at org.testng.internal.Invoker.invokeTestMethod(Invoker.java:901)
	at org.testng.internal.Invoker.invokeTestMethods(Invoker.java:1231)
	at org.testng.internal.TestMethodWorker.invokeTestMethods(TestMethodWorker.java:127)
	at org.testng.internal.TestMethodWorker.run(TestMethodWorker.java:111)
	at org.testng.TestRunner.privateRun(TestRunner.java:767)
	at org.testng.TestRunner.run(TestRunner.java:617)
	at org.testng.SuiteRunner.runTest(SuiteRunner.java:348)
	at org.testng.SuiteRunner.runSequentially(SuiteRunner.java:343)
	at org.testng.SuiteRunner.privateRun(SuiteRunner.java:305)
	at org.testng.SuiteRunner.run(SuiteRunner.java:254)
	at org.testng.SuiteRunnerWorker.runSuite(SuiteRunnerWorker.java:52)
	at org.testng.SuiteRunnerWorker.run(SuiteRunnerWorker.java:86)
	at org.testng.TestNG.runSuitesSequentially(TestNG.java:1224)
	at org.testng.TestNG.runSuitesSequentially(TestNG.java:1220)
	at org.testng.TestNG.runSuitesLocally(TestNG.java:1149)
	at org.testng.TestNG.run(TestNG.java:1057)
	at org.apache.maven.surefire.testng.TestNGExecutor.run(TestNGExecutor.java:295)
	at org.apache.maven.surefire.testng.TestNGXmlTestSuite.execute(TestNGXmlTestSuite.java:84)
	at org.apache.maven.surefire.testng.TestNGProvider.invoke(TestNGProvider.java:90)
	at org.apache.maven.surefire.booter.ForkedBooter.invokeProviderInSameClassLoader(ForkedBooter.java:203)
	at org.apache.maven.surefire.booter.ForkedBooter.runSuitesInProcess(ForkedBooter.java:155)
	at org.apache.maven.surefire.booter.ForkedBooter.main(ForkedBooter.java:103)
]]></failure>
    <system-err><![CDATA[Feb 22, 2017 8:47:26 AM xbox.testcase.profile.XboxProfileCheck setUpBrowser
INFO: running TEST Case:xbox.testcase.profile.XboxProfileCheck
Feb 22, 2017 8:47:26 AM xbox.testcase.profile.XboxProfileCheck initParams
INFO: onGrid=false
Feb 22, 2017 8:47:26 AM xbox.testcase.profile.XboxProfileCheck initParams
INFO: browserFlag=firefox
org.openqa.selenium.firefox.NotConnectedException: Unable to connect to host 127.0.0.1 on port 7055 after 45000 ms. Firefox console output:
Mozilla Contributors"]},"visible":true,"active":true,"userDisabled":false,"appDisabled":false,"descriptor":"C:\\Program Files\\Mozilla Firefox\\browser\\extensions\\{972ce4c6-7e08-4474-a285-3208198ce6fd}.xpi","installDate":1487620084415,"updateDate":1487620084415,"applyBackgroundUpdates":1,"skinnable":true,"size":19708,"sourceURI":null,"releaseNotesURI":null,"softDisabled":false,"foreignInstall":false,"hasBinaryComponents":false,"strictCompatibility":true,"locales":[],"targetApplications":[{"id":"{ec8030f7-c20a-464f-9b0e-13a3a9e97384}","minVersion":"51.0.1","maxVersion":"51.0.1"}],"targetPlatforms":[],"seen":true,"dependencies":[],"hasEmbeddedWebExtension":false}
1487774847629	addons.xpi	DEBUG	getModTime: Recursive scan of {972ce4c6-7e08-4474-a285-3208198ce6fd}
1487774847630	DeferredSave.extensions.json	DEBUG	Save changes
1487774847630	addons.xpi	DEBUG	Updating database with changes to installed add-ons
1487774847630	addons.xpi-utils	DEBUG	Updating add-on states
1487774847631	addons.xpi-utils	DEBUG	Writing add-ons list
1487774847633	addons.xpi	DEBUG	Registering manifest for C:\Program Files\Mozilla Firefox\browser\features\aushelper@mozilla.org.xpi
1487774847634	addons.xpi	DEBUG	Calling bootstrap method startup on aushelper@mozilla.org version 1.0
1487774847635	addons.xpi	DEBUG	Registering manifest for C:\Program Files\Mozilla Firefox\browser\features\e10srollout@mozilla.org.xpi
1487774847636	addons.xpi	DEBUG	Calling bootstrap method startup on e10srollout@mozilla.org version 1.7
1487774847637	addons.xpi	DEBUG	Registering manifest for C:\Program Files\Mozilla Firefox\browser\features\firefox@getpocket.com.xpi
1487774847637	addons.xpi	DEBUG	Calling bootstrap method startup on firefox@getpocket.com version 1.0.5
1487774847638	addons.xpi	DEBUG	Registering manifest for C:\Program Files\Mozilla Firefox\browser\features\webcompat@mozilla.org.xpi
1487774847638	addons.xpi	DEBUG	Calling bootstrap method startup on webcompat@mozilla.org version 1.0
1487774847641	addons.manager	DEBUG	Registering shutdown blocker for XPIProvider
1487774847642	addons.manager	DEBUG	Provider finished startup: XPIProvider
1487774847642	addons.manager	DEBUG	Starting provider: LightweightThemeManager
1487774847643	addons.manager	DEBUG	Registering shutdown blocker for LightweightThemeManager
1487774847643	addons.manager	DEBUG	Provider finished startup: LightweightThemeManager
1487774847644	addons.manager	DEBUG	Starting provider: GMPProvider
1487774847653	addons.manager	DEBUG	Registering shutdown blocker for GMPProvider
1487774847653	addons.manager	DEBUG	Provider finished startup: GMPProvider
1487774847653	addons.manager	DEBUG	Starting provider: PluginProvider
1487774847654	addons.manager	DEBUG	Registering shutdown blocker for PluginProvider
1487774847654	addons.manager	DEBUG	Provider finished startup: PluginProvider
1487774847654	addons.manager	DEBUG	Completed startup sequence
1487774848035	addons.manager	DEBUG	Starting provider: <unnamed-provider>
1487774848036	addons.manager	DEBUG	Registering shutdown blocker for <unnamed-provider>
1487774848036	addons.manager	DEBUG	Provider finished startup: <unnamed-provider>
1487774848459	DeferredSave.extensions.json	DEBUG	Write succeeded
1487774848459	addons.xpi-utils	DEBUG	XPI Database saved, setting schema version preference to 19
1487774848459	DeferredSave.extensions.json	DEBUG	Starting timer
1487774848478	addons.repository	DEBUG	No addons.json found.
1487774848478	DeferredSave.addons.json	DEBUG	Save changes
1487774848481	DeferredSave.addons.json	DEBUG	Starting timer
1487774848505	addons.manager	DEBUG	Starting provider: PreviousExperimentProvider
1487774848505	addons.manager	DEBUG	Registering shutdown blocker for PreviousExperimentProvider
1487774848505	addons.manager	DEBUG	Provider finished startup: PreviousExperimentProvider
1487774848508	DeferredSave.extensions.json	DEBUG	Starting write
1487774848604	DeferredSave.addons.json	DEBUG	Starting write
1487774848642	DeferredSave.extensions.json	DEBUG	Write succeeded
1487774848653	DeferredSave.addons.json	DEBUG	Write succeeded

	at org.openqa.selenium.firefox.internal.NewProfileExtensionConnection.start(NewProfileExtensionConnection.java:113)
	at org.openqa.selenium.firefox.FirefoxDriver.startClient(FirefoxDriver.java:271)
	at org.openqa.selenium.remote.RemoteWebDriver.<init>(RemoteWebDriver.java:119)
	at org.openqa.selenium.firefox.FirefoxDriver.<init>(FirefoxDriver.java:216)
	at org.openqa.selenium.firefox.FirefoxDriver.<init>(FirefoxDriver.java:211)
	at org.openqa.selenium.firefox.FirefoxDriver.<init>(FirefoxDriver.java:207)
	at org.openqa.selenium.firefox.FirefoxDriver.<init>(FirefoxDriver.java:124)
	at util.TestCaseBase.setUpFirefoxWithNewProfile(TestCaseBase.java:259)
	at util.TestCaseBase.selectBrowser(TestCaseBase.java:74)
	at util.TestCaseBase.setUpBrowser(TestCaseBase.java:62)
	at sun.reflect.NativeMethodAccessorImpl.invoke0(Native Method)
	at sun.reflect.NativeMethodAccessorImpl.invoke(NativeMethodAccessorImpl.java:62)
	at sun.reflect.DelegatingMethodAccessorImpl.invoke(DelegatingMethodAccessorImpl.java:43)
	at java.lang.reflect.Method.invoke(Method.java:498)
	at org.testng.internal.MethodInvocationHelper.invokeMethod(MethodInvocationHelper.java:84)
	at org.testng.internal.Invoker.invokeConfigurationMethod(Invoker.java:564)
	at org.testng.internal.Invoker.invokeConfigurations(Invoker.java:213)
	at org.testng.internal.Invoker.invokeMethod(Invoker.java:653)
	at org.testng.internal.Invoker.invokeTestMethod(Invoker.java:901)
	at org.testng.internal.Invoker.invokeTestMethods(Invoker.java:1231)
	at org.testng.internal.TestMethodWorker.invokeTestMethods(TestMethodWorker.java:127)
	at org.testng.internal.TestMethodWorker.run(TestMethodWorker.java:111)
	at org.testng.TestRunner.privateRun(TestRunner.java:767)
	at org.testng.TestRunner.run(TestRunner.java:617)
	at org.testng.SuiteRunner.runTest(SuiteRunner.java:348)
	at org.testng.SuiteRunner.runSequentially(SuiteRunner.java:343)
	at org.testng.SuiteRunner.privateRun(SuiteRunner.java:305)
	at org.testng.SuiteRunner.run(SuiteRunner.java:254)
	at org.testng.SuiteRunnerWorker.runSuite(SuiteRunnerWorker.java:52)
	at org.testng.SuiteRunnerWorker.run(SuiteRunnerWorker.java:86)
	at org.testng.TestNG.runSuitesSequentially(TestNG.java:1224)
	at org.testng.TestNG.runSuitesSequentially(TestNG.java:1220)
	at org.testng.TestNG.runSuitesLocally(TestNG.java:1149)
	at org.testng.TestNG.run(TestNG.java:1057)
	at org.apache.maven.surefire.testng.TestNGExecutor.run(TestNGExecutor.java:295)
	at org.apache.maven.surefire.testng.TestNGXmlTestSuite.execute(TestNGXmlTestSuite.java:84)
	at org.apache.maven.surefire.testng.TestNGProvider.invoke(TestNGProvider.java:90)
	at org.apache.maven.surefire.booter.ForkedBooter.invokeProviderInSameClassLoader(ForkedBooter.java:203)
	at org.apache.maven.surefire.booter.ForkedBooter.runSuitesInProcess(ForkedBooter.java:155)
	at org.apache.maven.surefire.booter.ForkedBooter.main(ForkedBooter.java:103)
]]></system-err>
  </testcase>
  <testcase name="testEditAccountSingle" classname="xbox.testcase.profile.XboxProfileCheck" time="0">
    <skipped/>
  </testcase>
  <testcase name="tearDown" classname="xbox.testcase.profile.XboxProfileCheck" time="0">
    <failure type="java.lang.NullPointerException:">java.lang.NullPointerException: null
	at util.TestCaseBase.tearDown(TestCaseBase.java:224)
	at sun.reflect.NativeMethodAccessorImpl.invoke0(Native Method)
	at sun.reflect.NativeMethodAccessorImpl.invoke(NativeMethodAccessorImpl.java:62)
	at sun.reflect.DelegatingMethodAccessorImpl.invoke(DelegatingMethodAccessorImpl.java:43)
	at java.lang.reflect.Method.invoke(Method.java:498)
	at org.testng.internal.MethodInvocationHelper.invokeMethod(MethodInvocationHelper.java:84)
	at org.testng.internal.Invoker.invokeConfigurationMethod(Invoker.java:564)
	at org.testng.internal.Invoker.invokeConfigurations(Invoker.java:213)
	at org.testng.internal.Invoker.invokeMethod(Invoker.java:786)
	at org.testng.internal.Invoker.invokeTestMethod(Invoker.java:901)
	at org.testng.internal.Invoker.invokeTestMethods(Invoker.java:1231)
	at org.testng.internal.TestMethodWorker.invokeTestMethods(TestMethodWorker.java:127)
	at org.testng.internal.TestMethodWorker.run(TestMethodWorker.java:111)
	at org.testng.TestRunner.privateRun(TestRunner.java:767)
	at org.testng.TestRunner.run(TestRunner.java:617)
	at org.testng.SuiteRunner.runTest(SuiteRunner.java:348)
	at org.testng.SuiteRunner.runSequentially(SuiteRunner.java:343)
	at org.testng.SuiteRunner.privateRun(SuiteRunner.java:305)
	at org.testng.SuiteRunner.run(SuiteRunner.java:254)
	at org.testng.SuiteRunnerWorker.runSuite(SuiteRunnerWorker.java:52)
	at org.testng.SuiteRunnerWorker.run(SuiteRunnerWorker.java:86)
	at org.testng.TestNG.runSuitesSequentially(TestNG.java:1224)
	at org.testng.TestNG.runSuitesSequentially(TestNG.java:1220)
	at org.testng.TestNG.runSuitesLocally(TestNG.java:1149)
	at org.testng.TestNG.run(TestNG.java:1057)
	at org.apache.maven.surefire.testng.TestNGExecutor.run(TestNGExecutor.java:295)
	at org.apache.maven.surefire.testng.TestNGXmlTestSuite.execute(TestNGXmlTestSuite.java:84)
	at org.apache.maven.surefire.testng.TestNGProvider.invoke(TestNGProvider.java:90)
	at org.apache.maven.surefire.booter.ForkedBooter.invokeProviderInSameClassLoader(ForkedBooter.java:203)
	at org.apache.maven.surefire.booter.ForkedBooter.runSuitesInProcess(ForkedBooter.java:155)
	at org.apache.maven.surefire.booter.ForkedBooter.main(ForkedBooter.java:103)
</failure>
  </testcase>
</testsuite>